2021-11-30 18:32:13,389 - CRITICAL - dataset: /home/yinbo/Desktop/comp6130/final project/final project/featureinference-vfl-master/datasets/bank_cleaned.csv
2021-11-30 18:32:13,389 - CRITICAL - number of target features: 10
2021-11-30 18:32:13,389 - CRITICAL - number of experimental trials: 10
2021-11-30 18:32:13,389 - CRITICAL - Begin trials
2021-11-30 18:32:13,389 - CRITICAL - -------------------------------------
2021-11-30 18:32:13,389 - CRITICAL - Attack trial 1 / 10
2021-11-30 18:32:13,907 - CRITICAL - Dataset column permutation is: 
 tensor([ 4,  1,  3,  8,  5,  0, 18, 19, 17, 15,  6, 10,  2,  9,  7, 13, 14, 12,
        11, 16])
2021-11-30 18:32:13,912 - INFO - dataset size: 30488
2021-11-30 18:32:13,912 - INFO - total feature num: 20
2021-11-30 18:32:13,912 - INFO - class labels: [0. 1.]
2021-11-30 18:32:13,912 - INFO - class num: 2
2021-11-30 18:32:13,914 - INFO - len(train_loader): 305
2021-11-30 18:32:13,914 - INFO - len(test_loader): 77
2021-11-30 18:32:14,129 - INFO - Train Epoch: 1 [19456/19513 (100%)]	Loss: -0.888725
2021-11-30 18:32:14,169 - INFO - Test set: Average loss: -0.0133, Accuracy: 4236/4878 (87%)

2021-11-30 18:32:14,382 - INFO - Train Epoch: 2 [19456/19513 (100%)]	Loss: -0.817973
2021-11-30 18:32:14,421 - INFO - Test set: Average loss: -0.0133, Accuracy: 4236/4878 (87%)

2021-11-30 18:32:14,635 - INFO - Train Epoch: 3 [19456/19513 (100%)]	Loss: -0.877152
2021-11-30 18:32:14,674 - INFO - Test set: Average loss: -0.0134, Accuracy: 4236/4878 (87%)

2021-11-30 18:32:14,883 - INFO - Train Epoch: 4 [19456/19513 (100%)]	Loss: -0.824005
2021-11-30 18:32:14,925 - INFO - Test set: Average loss: -0.0133, Accuracy: 4236/4878 (87%)

2021-11-30 18:32:15,133 - INFO - Train Epoch: 5 [19456/19513 (100%)]	Loss: -0.750958
2021-11-30 18:32:15,175 - INFO - Test set: Average loss: -0.0133, Accuracy: 4236/4878 (87%)

2021-11-30 18:32:15,387 - INFO - Train Epoch: 6 [19456/19513 (100%)]	Loss: -0.766347
2021-11-30 18:32:15,427 - INFO - Test set: Average loss: -0.0133, Accuracy: 4236/4878 (87%)

2021-11-30 18:32:15,636 - INFO - Train Epoch: 7 [19456/19513 (100%)]	Loss: -0.864944
2021-11-30 18:32:15,681 - INFO - Test set: Average loss: -0.0134, Accuracy: 4236/4878 (87%)

2021-11-30 18:32:15,901 - INFO - Train Epoch: 8 [19456/19513 (100%)]	Loss: -0.834326
2021-11-30 18:32:15,945 - INFO - Test set: Average loss: -0.0133, Accuracy: 4236/4878 (87%)

2021-11-30 18:32:16,180 - INFO - Train Epoch: 9 [19456/19513 (100%)]	Loss: -0.818619
2021-11-30 18:32:16,223 - INFO - Test set: Average loss: -0.0133, Accuracy: 4236/4878 (87%)

2021-11-30 18:32:16,456 - INFO - Train Epoch: 10 [19456/19513 (100%)]	Loss: -0.793693
2021-11-30 18:32:16,499 - INFO - Test set: Average loss: -0.0133, Accuracy: 4236/4878 (87%)

2021-11-30 18:32:16,727 - INFO - Train Epoch: 11 [19456/19513 (100%)]	Loss: -0.794256
2021-11-30 18:32:16,768 - INFO - Test set: Average loss: -0.0133, Accuracy: 4236/4878 (87%)

2021-11-30 18:32:16,992 - INFO - Train Epoch: 12 [19456/19513 (100%)]	Loss: -0.806587
2021-11-30 18:32:17,042 - INFO - Test set: Average loss: -0.0133, Accuracy: 4236/4878 (87%)

2021-11-30 18:32:17,250 - INFO - Train Epoch: 13 [19456/19513 (100%)]	Loss: -0.881895
2021-11-30 18:32:17,289 - INFO - Test set: Average loss: -0.0133, Accuracy: 4236/4878 (87%)

2021-11-30 18:32:17,494 - INFO - Train Epoch: 14 [19456/19513 (100%)]	Loss: -0.826989
2021-11-30 18:32:17,535 - INFO - Test set: Average loss: -0.0134, Accuracy: 4236/4878 (87%)

2021-11-30 18:32:17,746 - INFO - Train Epoch: 15 [19456/19513 (100%)]	Loss: -0.908900
2021-11-30 18:32:17,785 - INFO - Test set: Average loss: -0.0133, Accuracy: 4236/4878 (87%)

2021-11-30 18:32:17,989 - INFO - Train Epoch: 16 [19456/19513 (100%)]	Loss: -0.896065
2021-11-30 18:32:18,028 - INFO - Test set: Average loss: -0.0133, Accuracy: 4236/4878 (87%)

2021-11-30 18:32:18,229 - INFO - Train Epoch: 17 [19456/19513 (100%)]	Loss: -0.862539
2021-11-30 18:32:18,268 - INFO - Test set: Average loss: -0.0134, Accuracy: 4236/4878 (87%)

2021-11-30 18:32:18,469 - INFO - Train Epoch: 18 [19456/19513 (100%)]	Loss: -0.856804
2021-11-30 18:32:18,508 - INFO - Test set: Average loss: -0.0133, Accuracy: 4236/4878 (87%)

2021-11-30 18:32:18,711 - INFO - Train Epoch: 19 [19456/19513 (100%)]	Loss: -0.868567
2021-11-30 18:32:18,750 - INFO - Test set: Average loss: -0.0133, Accuracy: 4236/4878 (87%)

2021-11-30 18:32:18,952 - INFO - Train Epoch: 20 [19456/19513 (100%)]	Loss: -0.860741
2021-11-30 18:32:18,991 - INFO - Test set: Average loss: -0.0133, Accuracy: 4236/4878 (87%)

2021-11-30 18:32:19,194 - INFO - Train Epoch: 21 [19456/19513 (100%)]	Loss: -0.754756
2021-11-30 18:32:19,233 - INFO - Test set: Average loss: -0.0133, Accuracy: 4236/4878 (87%)

2021-11-30 18:32:19,436 - INFO - Train Epoch: 22 [19456/19513 (100%)]	Loss: -0.815735
2021-11-30 18:32:19,477 - INFO - Test set: Average loss: -0.0133, Accuracy: 4236/4878 (87%)

2021-11-30 18:32:19,680 - INFO - Train Epoch: 23 [19456/19513 (100%)]	Loss: -0.877786
2021-11-30 18:32:19,720 - INFO - Test set: Average loss: -0.0133, Accuracy: 4236/4878 (87%)

2021-11-30 18:32:19,922 - INFO - Train Epoch: 24 [19456/19513 (100%)]	Loss: -0.850268
2021-11-30 18:32:19,960 - INFO - Test set: Average loss: -0.0133, Accuracy: 4236/4878 (87%)

2021-11-30 18:32:20,162 - INFO - Train Epoch: 25 [19456/19513 (100%)]	Loss: -0.854452
2021-11-30 18:32:20,201 - INFO - Test set: Average loss: -0.0134, Accuracy: 4236/4878 (87%)

2021-11-30 18:32:20,404 - INFO - Train Epoch: 26 [19456/19513 (100%)]	Loss: -0.884253
2021-11-30 18:32:20,443 - INFO - Test set: Average loss: -0.0133, Accuracy: 4236/4878 (87%)

