2021-11-30 11:30:35,178 - CRITICAL - dataset: /home/yinbo/Desktop/comp6130/final project/final project/featureinference-vfl-master/datasets/bank_cleaned.csv
2021-11-30 11:30:35,179 - CRITICAL - number of target features: 10
2021-11-30 11:30:35,179 - CRITICAL - number of experimental trials: 10
2021-11-30 11:30:35,179 - CRITICAL - Begin trials
2021-11-30 11:30:35,179 - CRITICAL - -------------------------------------
2021-11-30 11:30:35,179 - CRITICAL - Attack trial 1 / 10
2021-11-30 11:30:35,681 - CRITICAL - Dataset column permutation is: 
 tensor([ 4,  1,  3,  8,  5,  0, 18, 19, 17, 15,  6, 10,  2,  9,  7, 13, 14, 12,
        11, 16])
2021-11-30 11:30:35,685 - INFO - dataset size: 30488
2021-11-30 11:30:35,685 - INFO - total feature num: 20
2021-11-30 11:30:35,686 - INFO - class labels: [0. 1.]
2021-11-30 11:30:35,686 - INFO - class num: 2
2021-11-30 11:30:35,687 - INFO - len(train_loader): 305
2021-11-30 11:30:35,687 - INFO - len(test_loader): 77
2021-11-30 11:30:35,898 - INFO - Train Epoch: 1 [19456/19513 (100%)]	Loss: -0.888725
2021-11-30 11:30:35,937 - INFO - Test set: Average loss: -0.0133, Accuracy: 4236/4878 (87%)

2021-11-30 11:30:36,144 - INFO - Train Epoch: 2 [19456/19513 (100%)]	Loss: -0.817973
2021-11-30 11:30:36,182 - INFO - Test set: Average loss: -0.0133, Accuracy: 4236/4878 (87%)

2021-11-30 11:30:36,388 - INFO - Train Epoch: 3 [19456/19513 (100%)]	Loss: -0.877152
2021-11-30 11:30:36,426 - INFO - Test set: Average loss: -0.0134, Accuracy: 4236/4878 (87%)

2021-11-30 11:30:36,628 - INFO - Train Epoch: 4 [19456/19513 (100%)]	Loss: -0.824005
2021-11-30 11:30:36,666 - INFO - Test set: Average loss: -0.0133, Accuracy: 4236/4878 (87%)

2021-11-30 11:30:36,870 - INFO - Train Epoch: 5 [19456/19513 (100%)]	Loss: -0.750958
2021-11-30 11:30:36,909 - INFO - Test set: Average loss: -0.0133, Accuracy: 4236/4878 (87%)

2021-11-30 11:30:37,132 - INFO - Train Epoch: 6 [19456/19513 (100%)]	Loss: -0.766347
2021-11-30 11:30:37,171 - INFO - Test set: Average loss: -0.0133, Accuracy: 4236/4878 (87%)

2021-11-30 11:30:37,382 - INFO - Train Epoch: 7 [19456/19513 (100%)]	Loss: -0.864944
2021-11-30 11:30:37,421 - INFO - Test set: Average loss: -0.0134, Accuracy: 4236/4878 (87%)

2021-11-30 11:30:37,623 - INFO - Train Epoch: 8 [19456/19513 (100%)]	Loss: -0.834326
2021-11-30 11:30:37,662 - INFO - Test set: Average loss: -0.0133, Accuracy: 4236/4878 (87%)

2021-11-30 11:30:37,864 - INFO - Train Epoch: 9 [19456/19513 (100%)]	Loss: -0.818619
2021-11-30 11:30:37,903 - INFO - Test set: Average loss: -0.0133, Accuracy: 4236/4878 (87%)

2021-11-30 11:30:38,113 - INFO - Train Epoch: 10 [19456/19513 (100%)]	Loss: -0.793693
2021-11-30 11:30:38,152 - INFO - Test set: Average loss: -0.0133, Accuracy: 4236/4878 (87%)

2021-11-30 11:30:38,355 - INFO - Train Epoch: 11 [19456/19513 (100%)]	Loss: -0.794256
2021-11-30 11:30:38,393 - INFO - Test set: Average loss: -0.0133, Accuracy: 4236/4878 (87%)

2021-11-30 11:30:38,596 - INFO - Train Epoch: 12 [19456/19513 (100%)]	Loss: -0.806587
2021-11-30 11:30:38,635 - INFO - Test set: Average loss: -0.0133, Accuracy: 4236/4878 (87%)

2021-11-30 11:30:38,843 - INFO - Train Epoch: 13 [19456/19513 (100%)]	Loss: -0.881895
2021-11-30 11:30:38,882 - INFO - Test set: Average loss: -0.0133, Accuracy: 4236/4878 (87%)

2021-11-30 11:30:39,090 - INFO - Train Epoch: 14 [19456/19513 (100%)]	Loss: -0.826989
2021-11-30 11:30:39,130 - INFO - Test set: Average loss: -0.0134, Accuracy: 4236/4878 (87%)

2021-11-30 11:30:39,333 - INFO - Train Epoch: 15 [19456/19513 (100%)]	Loss: -0.908900
2021-11-30 11:30:39,372 - INFO - Test set: Average loss: -0.0133, Accuracy: 4236/4878 (87%)

2021-11-30 11:30:39,574 - INFO - Train Epoch: 16 [19456/19513 (100%)]	Loss: -0.896065
2021-11-30 11:30:39,613 - INFO - Test set: Average loss: -0.0133, Accuracy: 4236/4878 (87%)

2021-11-30 11:30:39,814 - INFO - Train Epoch: 17 [19456/19513 (100%)]	Loss: -0.862539
2021-11-30 11:30:39,853 - INFO - Test set: Average loss: -0.0134, Accuracy: 4236/4878 (87%)

2021-11-30 11:30:40,058 - INFO - Train Epoch: 18 [19456/19513 (100%)]	Loss: -0.856804
2021-11-30 11:30:40,096 - INFO - Test set: Average loss: -0.0133, Accuracy: 4236/4878 (87%)

2021-11-30 11:30:40,300 - INFO - Train Epoch: 19 [19456/19513 (100%)]	Loss: -0.868567
2021-11-30 11:30:40,339 - INFO - Test set: Average loss: -0.0133, Accuracy: 4236/4878 (87%)

2021-11-30 11:30:40,546 - INFO - Train Epoch: 20 [19456/19513 (100%)]	Loss: -0.860741
2021-11-30 11:30:40,585 - INFO - Test set: Average loss: -0.0133, Accuracy: 4236/4878 (87%)

2021-11-30 11:30:40,788 - INFO - Train Epoch: 21 [19456/19513 (100%)]	Loss: -0.754756
2021-11-30 11:30:40,830 - INFO - Test set: Average loss: -0.0133, Accuracy: 4236/4878 (87%)

2021-11-30 11:30:41,046 - INFO - Train Epoch: 22 [19456/19513 (100%)]	Loss: -0.815735
2021-11-30 11:30:41,085 - INFO - Test set: Average loss: -0.0133, Accuracy: 4236/4878 (87%)

2021-11-30 11:30:41,309 - INFO - Train Epoch: 23 [19456/19513 (100%)]	Loss: -0.877786
2021-11-30 11:30:41,351 - INFO - Test set: Average loss: -0.0133, Accuracy: 4236/4878 (87%)

2021-11-30 11:30:41,570 - INFO - Train Epoch: 24 [19456/19513 (100%)]	Loss: -0.850268
2021-11-30 11:30:41,611 - INFO - Test set: Average loss: -0.0133, Accuracy: 4236/4878 (87%)

2021-11-30 11:30:41,825 - INFO - Train Epoch: 25 [19456/19513 (100%)]	Loss: -0.854452
2021-11-30 11:30:41,864 - INFO - Test set: Average loss: -0.0134, Accuracy: 4236/4878 (87%)

2021-11-30 11:30:42,090 - INFO - Train Epoch: 26 [19456/19513 (100%)]	Loss: -0.884253
2021-11-30 11:30:42,156 - INFO - Test set: Average loss: -0.0133, Accuracy: 4236/4878 (87%)

2021-11-30 11:30:42,386 - INFO - Train Epoch: 27 [19456/19513 (100%)]	Loss: -0.833352
2021-11-30 11:30:42,429 - INFO - Test set: Average loss: -0.0133, Accuracy: 4236/4878 (87%)

2021-11-30 11:30:42,637 - INFO - Train Epoch: 28 [19456/19513 (100%)]	Loss: -0.852946
2021-11-30 11:30:42,678 - INFO - Test set: Average loss: -0.0133, Accuracy: 4236/4878 (87%)

2021-11-30 11:30:42,915 - INFO - Train Epoch: 29 [19456/19513 (100%)]	Loss: -0.768309
2021-11-30 11:30:42,957 - INFO - Test set: Average loss: -0.0133, Accuracy: 4236/4878 (87%)

2021-11-30 11:30:43,178 - INFO - Train Epoch: 30 [19456/19513 (100%)]	Loss: -0.864989
2021-11-30 11:30:43,219 - INFO - Test set: Average loss: -0.0133, Accuracy: 4236/4878 (87%)

2021-11-30 11:30:43,451 - INFO - Train Epoch: 31 [19456/19513 (100%)]	Loss: -0.854057
2021-11-30 11:30:43,495 - INFO - Test set: Average loss: -0.0133, Accuracy: 4236/4878 (87%)

2021-11-30 11:30:43,698 - INFO - Train Epoch: 32 [19456/19513 (100%)]	Loss: -0.911414
2021-11-30 11:30:43,737 - INFO - Test set: Average loss: -0.0133, Accuracy: 4236/4878 (87%)

2021-11-30 11:30:43,942 - INFO - Train Epoch: 33 [19456/19513 (100%)]	Loss: -0.908236
2021-11-30 11:30:43,980 - INFO - Test set: Average loss: -0.0133, Accuracy: 4236/4878 (87%)

2021-11-30 11:30:44,202 - INFO - Train Epoch: 34 [19456/19513 (100%)]	Loss: -0.881917
2021-11-30 11:30:44,241 - INFO - Test set: Average loss: -0.0133, Accuracy: 4236/4878 (87%)

2021-11-30 11:30:44,443 - INFO - Train Epoch: 35 [19456/19513 (100%)]	Loss: -0.878130
2021-11-30 11:30:44,482 - INFO - Test set: Average loss: -0.0133, Accuracy: 4236/4878 (87%)

2021-11-30 11:30:44,684 - INFO - Train Epoch: 36 [19456/19513 (100%)]	Loss: -0.855143
2021-11-30 11:30:44,722 - INFO - Test set: Average loss: -0.0133, Accuracy: 4236/4878 (87%)

2021-11-30 11:30:44,940 - INFO - Train Epoch: 37 [19456/19513 (100%)]	Loss: -0.868604
2021-11-30 11:30:44,978 - INFO - Test set: Average loss: -0.0133, Accuracy: 4236/4878 (87%)

2021-11-30 11:30:45,181 - INFO - Train Epoch: 38 [19456/19513 (100%)]	Loss: -0.880481
2021-11-30 11:30:45,220 - INFO - Test set: Average loss: -0.0133, Accuracy: 4236/4878 (87%)

2021-11-30 11:30:45,425 - INFO - Train Epoch: 39 [19456/19513 (100%)]	Loss: -0.856200
2021-11-30 11:30:45,464 - INFO - Test set: Average loss: -0.0134, Accuracy: 4236/4878 (87%)

2021-11-30 11:30:45,667 - INFO - Train Epoch: 40 [19456/19513 (100%)]	Loss: -0.865862
2021-11-30 11:30:45,706 - INFO - Test set: Average loss: -0.0133, Accuracy: 4236/4878 (87%)

