2021-12-01 08:40:08,184 - CRITICAL - dataset: /home/yinbo/Desktop/comp6130/final project/final project/featureinference-vfl-master/datasets/bank_cleaned.csv
2021-12-01 08:40:08,184 - CRITICAL - number of target features: 10
2021-12-01 08:40:08,184 - CRITICAL - number of experimental trials: 10
2021-12-01 08:40:08,184 - CRITICAL - Begin trials
2021-12-01 08:40:08,184 - CRITICAL - -------------------------------------
2021-12-01 08:40:08,184 - CRITICAL - Attack trial 1 / 10
2021-12-01 08:40:08,677 - CRITICAL - Dataset column permutation is: 
 tensor([ 4,  1,  3,  8,  5,  0, 18, 19, 17, 15,  6, 10,  2,  9,  7, 13, 14, 12,
        11, 16])
2021-12-01 08:40:08,681 - INFO - dataset size: 30488
2021-12-01 08:40:08,681 - INFO - total feature num: 20
2021-12-01 08:40:08,681 - INFO - class labels: [0. 1.]
2021-12-01 08:40:08,681 - INFO - class num: 2
2021-12-01 08:40:08,683 - INFO - len(train_loader): 305
2021-12-01 08:40:08,683 - INFO - len(test_loader): 77
2021-12-01 08:40:08,899 - INFO - Train Epoch: 1 [19456/19513 (100%)]	Loss: -0.888725
2021-12-01 08:40:08,939 - INFO - Test set: Average loss: -0.0133, Accuracy: 4236/4878 (87%)

2021-12-01 08:40:09,141 - INFO - Train Epoch: 2 [19456/19513 (100%)]	Loss: -0.817973
2021-12-01 08:40:09,180 - INFO - Test set: Average loss: -0.0133, Accuracy: 4236/4878 (87%)

2021-12-01 08:40:09,381 - INFO - Train Epoch: 3 [19456/19513 (100%)]	Loss: -0.877152
2021-12-01 08:40:09,419 - INFO - Test set: Average loss: -0.0134, Accuracy: 4236/4878 (87%)

2021-12-01 08:40:09,618 - INFO - Train Epoch: 4 [19456/19513 (100%)]	Loss: -0.824005
2021-12-01 08:40:09,656 - INFO - Test set: Average loss: -0.0133, Accuracy: 4236/4878 (87%)

2021-12-01 08:40:09,856 - INFO - Train Epoch: 5 [19456/19513 (100%)]	Loss: -0.750958
2021-12-01 08:40:09,894 - INFO - Test set: Average loss: -0.0133, Accuracy: 4236/4878 (87%)

2021-12-01 08:40:10,094 - INFO - Train Epoch: 6 [19456/19513 (100%)]	Loss: -0.766347
2021-12-01 08:40:10,132 - INFO - Test set: Average loss: -0.0133, Accuracy: 4236/4878 (87%)

2021-12-01 08:40:10,332 - INFO - Train Epoch: 7 [19456/19513 (100%)]	Loss: -0.864944
2021-12-01 08:40:10,370 - INFO - Test set: Average loss: -0.0134, Accuracy: 4236/4878 (87%)

2021-12-01 08:40:10,570 - INFO - Train Epoch: 8 [19456/19513 (100%)]	Loss: -0.834326
2021-12-01 08:40:10,609 - INFO - Test set: Average loss: -0.0133, Accuracy: 4236/4878 (87%)

2021-12-01 08:40:10,809 - INFO - Train Epoch: 9 [19456/19513 (100%)]	Loss: -0.818619
2021-12-01 08:40:10,847 - INFO - Test set: Average loss: -0.0133, Accuracy: 4236/4878 (87%)

2021-12-01 08:40:11,047 - INFO - Train Epoch: 10 [19456/19513 (100%)]	Loss: -0.793693
2021-12-01 08:40:11,085 - INFO - Test set: Average loss: -0.0133, Accuracy: 4236/4878 (87%)

2021-12-01 08:40:11,284 - INFO - Train Epoch: 11 [19456/19513 (100%)]	Loss: -0.794256
2021-12-01 08:40:11,323 - INFO - Test set: Average loss: -0.0133, Accuracy: 4236/4878 (87%)

2021-12-01 08:40:11,523 - INFO - Train Epoch: 12 [19456/19513 (100%)]	Loss: -0.806587
2021-12-01 08:40:11,561 - INFO - Test set: Average loss: -0.0133, Accuracy: 4236/4878 (87%)

2021-12-01 08:40:11,761 - INFO - Train Epoch: 13 [19456/19513 (100%)]	Loss: -0.881895
2021-12-01 08:40:11,799 - INFO - Test set: Average loss: -0.0133, Accuracy: 4236/4878 (87%)

2021-12-01 08:40:11,999 - INFO - Train Epoch: 14 [19456/19513 (100%)]	Loss: -0.826989
2021-12-01 08:40:12,037 - INFO - Test set: Average loss: -0.0134, Accuracy: 4236/4878 (87%)

2021-12-01 08:40:12,237 - INFO - Train Epoch: 15 [19456/19513 (100%)]	Loss: -0.908900
2021-12-01 08:40:12,275 - INFO - Test set: Average loss: -0.0133, Accuracy: 4236/4878 (87%)

2021-12-01 08:40:12,475 - INFO - Train Epoch: 16 [19456/19513 (100%)]	Loss: -0.896065
2021-12-01 08:40:12,513 - INFO - Test set: Average loss: -0.0133, Accuracy: 4236/4878 (87%)

2021-12-01 08:40:12,713 - INFO - Train Epoch: 17 [19456/19513 (100%)]	Loss: -0.862539
2021-12-01 08:40:12,752 - INFO - Test set: Average loss: -0.0134, Accuracy: 4236/4878 (87%)

2021-12-01 08:40:12,959 - INFO - Train Epoch: 18 [19456/19513 (100%)]	Loss: -0.856804
2021-12-01 08:40:12,998 - INFO - Test set: Average loss: -0.0133, Accuracy: 4236/4878 (87%)

2021-12-01 08:40:13,199 - INFO - Train Epoch: 19 [19456/19513 (100%)]	Loss: -0.868567
2021-12-01 08:40:13,237 - INFO - Test set: Average loss: -0.0133, Accuracy: 4236/4878 (87%)

2021-12-01 08:40:13,438 - INFO - Train Epoch: 20 [19456/19513 (100%)]	Loss: -0.860741
2021-12-01 08:40:13,476 - INFO - Test set: Average loss: -0.0133, Accuracy: 4236/4878 (87%)

2021-12-01 08:40:13,675 - INFO - Train Epoch: 21 [19456/19513 (100%)]	Loss: -0.754756
2021-12-01 08:40:13,714 - INFO - Test set: Average loss: -0.0133, Accuracy: 4236/4878 (87%)

2021-12-01 08:40:13,916 - INFO - Train Epoch: 22 [19456/19513 (100%)]	Loss: -0.815735
2021-12-01 08:40:13,955 - INFO - Test set: Average loss: -0.0133, Accuracy: 4236/4878 (87%)

2021-12-01 08:40:14,154 - INFO - Train Epoch: 23 [19456/19513 (100%)]	Loss: -0.877786
2021-12-01 08:40:14,193 - INFO - Test set: Average loss: -0.0133, Accuracy: 4236/4878 (87%)

2021-12-01 08:40:14,393 - INFO - Train Epoch: 24 [19456/19513 (100%)]	Loss: -0.850268
2021-12-01 08:40:14,431 - INFO - Test set: Average loss: -0.0133, Accuracy: 4236/4878 (87%)

2021-12-01 08:40:14,632 - INFO - Train Epoch: 25 [19456/19513 (100%)]	Loss: -0.854452
2021-12-01 08:40:14,670 - INFO - Test set: Average loss: -0.0134, Accuracy: 4236/4878 (87%)

2021-12-01 08:40:14,871 - INFO - Train Epoch: 26 [19456/19513 (100%)]	Loss: -0.884253
2021-12-01 08:40:14,909 - INFO - Test set: Average loss: -0.0133, Accuracy: 4236/4878 (87%)

2021-12-01 08:40:15,110 - INFO - Train Epoch: 27 [19456/19513 (100%)]	Loss: -0.833352
2021-12-01 08:40:15,148 - INFO - Test set: Average loss: -0.0133, Accuracy: 4236/4878 (87%)

2021-12-01 08:40:15,348 - INFO - Train Epoch: 28 [19456/19513 (100%)]	Loss: -0.852946
2021-12-01 08:40:15,387 - INFO - Test set: Average loss: -0.0133, Accuracy: 4236/4878 (87%)

2021-12-01 08:40:15,587 - INFO - Train Epoch: 29 [19456/19513 (100%)]	Loss: -0.768309
2021-12-01 08:40:15,625 - INFO - Test set: Average loss: -0.0133, Accuracy: 4236/4878 (87%)

2021-12-01 08:40:15,825 - INFO - Train Epoch: 30 [19456/19513 (100%)]	Loss: -0.864989
2021-12-01 08:40:15,863 - INFO - Test set: Average loss: -0.0133, Accuracy: 4236/4878 (87%)

2021-12-01 08:40:16,063 - INFO - Train Epoch: 31 [19456/19513 (100%)]	Loss: -0.854057
2021-12-01 08:40:16,101 - INFO - Test set: Average loss: -0.0133, Accuracy: 4236/4878 (87%)

2021-12-01 08:40:16,302 - INFO - Train Epoch: 32 [19456/19513 (100%)]	Loss: -0.911414
2021-12-01 08:40:16,340 - INFO - Test set: Average loss: -0.0133, Accuracy: 4236/4878 (87%)

2021-12-01 08:40:16,540 - INFO - Train Epoch: 33 [19456/19513 (100%)]	Loss: -0.908236
2021-12-01 08:40:16,578 - INFO - Test set: Average loss: -0.0133, Accuracy: 4236/4878 (87%)

2021-12-01 08:40:16,778 - INFO - Train Epoch: 34 [19456/19513 (100%)]	Loss: -0.881917
2021-12-01 08:40:16,816 - INFO - Test set: Average loss: -0.0133, Accuracy: 4236/4878 (87%)

2021-12-01 08:40:17,017 - INFO - Train Epoch: 35 [19456/19513 (100%)]	Loss: -0.878130
2021-12-01 08:40:17,055 - INFO - Test set: Average loss: -0.0133, Accuracy: 4236/4878 (87%)

2021-12-01 08:40:17,255 - INFO - Train Epoch: 36 [19456/19513 (100%)]	Loss: -0.855143
2021-12-01 08:40:17,293 - INFO - Test set: Average loss: -0.0133, Accuracy: 4236/4878 (87%)

2021-12-01 08:40:17,493 - INFO - Train Epoch: 37 [19456/19513 (100%)]	Loss: -0.868604
2021-12-01 08:40:17,531 - INFO - Test set: Average loss: -0.0133, Accuracy: 4236/4878 (87%)

2021-12-01 08:40:17,731 - INFO - Train Epoch: 38 [19456/19513 (100%)]	Loss: -0.880481
2021-12-01 08:40:17,769 - INFO - Test set: Average loss: -0.0133, Accuracy: 4236/4878 (87%)

2021-12-01 08:40:17,984 - INFO - Train Epoch: 39 [19456/19513 (100%)]	Loss: -0.856200
2021-12-01 08:40:18,022 - INFO - Test set: Average loss: -0.0134, Accuracy: 4236/4878 (87%)

2021-12-01 08:40:18,223 - INFO - Train Epoch: 40 [19456/19513 (100%)]	Loss: -0.865862
2021-12-01 08:40:18,261 - INFO - Test set: Average loss: -0.0133, Accuracy: 4236/4878 (87%)

2021-12-01 08:40:18,461 - INFO - Train Epoch: 41 [19456/19513 (100%)]	Loss: -0.788931
2021-12-01 08:40:18,499 - INFO - Test set: Average loss: -0.0134, Accuracy: 4236/4878 (87%)

2021-12-01 08:40:18,699 - INFO - Train Epoch: 42 [19456/19513 (100%)]	Loss: -0.837862
2021-12-01 08:40:18,737 - INFO - Test set: Average loss: -0.0133, Accuracy: 4236/4878 (87%)

2021-12-01 08:40:18,939 - INFO - Train Epoch: 43 [19456/19513 (100%)]	Loss: -0.865620
2021-12-01 08:40:18,978 - INFO - Test set: Average loss: -0.0133, Accuracy: 4236/4878 (87%)

2021-12-01 08:40:19,178 - INFO - Train Epoch: 44 [19456/19513 (100%)]	Loss: -0.859879
2021-12-01 08:40:19,216 - INFO - Test set: Average loss: -0.0133, Accuracy: 4236/4878 (87%)

2021-12-01 08:40:19,416 - INFO - Train Epoch: 45 [19456/19513 (100%)]	Loss: -0.853844
2021-12-01 08:40:19,454 - INFO - Test set: Average loss: -0.0133, Accuracy: 4236/4878 (87%)

2021-12-01 08:40:19,654 - INFO - Train Epoch: 46 [19456/19513 (100%)]	Loss: -0.896729
2021-12-01 08:40:19,692 - INFO - Test set: Average loss: -0.0133, Accuracy: 4236/4878 (87%)

2021-12-01 08:40:19,893 - INFO - Train Epoch: 47 [19456/19513 (100%)]	Loss: -0.853763
2021-12-01 08:40:19,931 - INFO - Test set: Average loss: -0.0133, Accuracy: 4236/4878 (87%)

2021-12-01 08:40:20,130 - INFO - Train Epoch: 48 [19456/19513 (100%)]	Loss: -0.883043
2021-12-01 08:40:20,168 - INFO - Test set: Average loss: -0.0133, Accuracy: 4236/4878 (87%)

2021-12-01 08:40:20,370 - INFO - Train Epoch: 49 [19456/19513 (100%)]	Loss: -0.897671
2021-12-01 08:40:20,408 - INFO - Test set: Average loss: -0.0133, Accuracy: 4236/4878 (87%)

2021-12-01 08:40:20,608 - INFO - Train Epoch: 50 [19456/19513 (100%)]	Loss: -0.896898
2021-12-01 08:40:20,646 - INFO - Test set: Average loss: -0.0133, Accuracy: 4236/4878 (87%)

2021-12-01 08:40:20,823 - INFO - current index is: 1000
2021-12-01 08:40:20,823 - INFO - current attack mse is: 0.179974
2021-12-01 08:40:20,823 - INFO - current random mse is: 0.214781
2021-12-01 08:40:21,000 - INFO - current index is: 2000
2021-12-01 08:40:21,000 - INFO - current attack mse is: 0.180613
2021-12-01 08:40:21,000 - INFO - current random mse is: 0.215879
2021-12-01 08:40:21,176 - INFO - current index is: 3000
2021-12-01 08:40:21,176 - INFO - current attack mse is: 0.179455
2021-12-01 08:40:21,176 - INFO - current random mse is: 0.215342
2021-12-01 08:40:21,353 - INFO - current index is: 4000
2021-12-01 08:40:21,353 - INFO - current attack mse is: 0.179824
2021-12-01 08:40:21,353 - INFO - current random mse is: 0.215934
2021-12-01 08:40:21,529 - INFO - current index is: 5000
2021-12-01 08:40:21,529 - INFO - current attack mse is: 0.179838
2021-12-01 08:40:21,529 - INFO - current random mse is: 0.216284
2021-12-01 08:40:21,705 - INFO - current index is: 6000
2021-12-01 08:40:21,705 - INFO - current attack mse is: 0.179565
2021-12-01 08:40:21,705 - INFO - current random mse is: 0.216382
2021-12-01 08:40:21,722 - CRITICAL - average attack mse: 0.179469
2021-12-01 08:40:21,722 - CRITICAL - average random mse: 0.216508
2021-12-01 08:40:21,722 - CRITICAL - -------------------------------------
2021-12-01 08:40:21,722 - CRITICAL - Attack trial 2 / 10
2021-12-01 08:40:22,197 - CRITICAL - Dataset column permutation is: 
 tensor([ 4, 17,  9,  8, 11,  5, 19, 15, 13,  2,  3,  0, 14, 10, 16,  1, 12,  7,
         6, 18])
2021-12-01 08:40:22,200 - INFO - dataset size: 30488
2021-12-01 08:40:22,200 - INFO - total feature num: 20
2021-12-01 08:40:22,200 - INFO - class labels: [0. 1.]
2021-12-01 08:40:22,200 - INFO - class num: 2
2021-12-01 08:40:22,202 - INFO - len(train_loader): 305
2021-12-01 08:40:22,202 - INFO - len(test_loader): 77
2021-12-01 08:40:22,403 - INFO - Train Epoch: 1 [19456/19513 (100%)]	Loss: -0.878463
2021-12-01 08:40:22,441 - INFO - Test set: Average loss: -0.0131, Accuracy: 4267/4878 (87%)

2021-12-01 08:40:22,641 - INFO - Train Epoch: 2 [19456/19513 (100%)]	Loss: -0.808502
2021-12-01 08:40:22,679 - INFO - Test set: Average loss: -0.0132, Accuracy: 4267/4878 (87%)

2021-12-01 08:40:22,885 - INFO - Train Epoch: 3 [19456/19513 (100%)]	Loss: -0.893418
2021-12-01 08:40:22,923 - INFO - Test set: Average loss: -0.0132, Accuracy: 4267/4878 (87%)

2021-12-01 08:40:23,125 - INFO - Train Epoch: 4 [19456/19513 (100%)]	Loss: -0.858494
2021-12-01 08:40:23,163 - INFO - Test set: Average loss: -0.0132, Accuracy: 4267/4878 (87%)

2021-12-01 08:40:23,364 - INFO - Train Epoch: 5 [19456/19513 (100%)]	Loss: -0.835186
2021-12-01 08:40:23,402 - INFO - Test set: Average loss: -0.0132, Accuracy: 4267/4878 (87%)

2021-12-01 08:40:23,602 - INFO - Train Epoch: 6 [19456/19513 (100%)]	Loss: -0.871820
2021-12-01 08:40:23,640 - INFO - Test set: Average loss: -0.0132, Accuracy: 4267/4878 (87%)

2021-12-01 08:40:23,842 - INFO - Train Epoch: 7 [19456/19513 (100%)]	Loss: -0.865863
2021-12-01 08:40:23,880 - INFO - Test set: Average loss: -0.0132, Accuracy: 4267/4878 (87%)

2021-12-01 08:40:24,080 - INFO - Train Epoch: 8 [19456/19513 (100%)]	Loss: -0.762903
2021-12-01 08:40:24,118 - INFO - Test set: Average loss: -0.0132, Accuracy: 4267/4878 (87%)

2021-12-01 08:40:24,319 - INFO - Train Epoch: 9 [19456/19513 (100%)]	Loss: -0.849468
2021-12-01 08:40:24,358 - INFO - Test set: Average loss: -0.0132, Accuracy: 4267/4878 (87%)

2021-12-01 08:40:24,558 - INFO - Train Epoch: 10 [19456/19513 (100%)]	Loss: -0.878905
2021-12-01 08:40:24,596 - INFO - Test set: Average loss: -0.0132, Accuracy: 4267/4878 (87%)

2021-12-01 08:40:24,795 - INFO - Train Epoch: 11 [19456/19513 (100%)]	Loss: -0.897165
2021-12-01 08:40:24,833 - INFO - Test set: Average loss: -0.0132, Accuracy: 4267/4878 (87%)

2021-12-01 08:40:25,033 - INFO - Train Epoch: 12 [19456/19513 (100%)]	Loss: -0.823285
2021-12-01 08:40:25,071 - INFO - Test set: Average loss: -0.0132, Accuracy: 4267/4878 (87%)

2021-12-01 08:40:25,271 - INFO - Train Epoch: 13 [19456/19513 (100%)]	Loss: -0.850528
2021-12-01 08:40:25,309 - INFO - Test set: Average loss: -0.0132, Accuracy: 4267/4878 (87%)

2021-12-01 08:40:25,509 - INFO - Train Epoch: 14 [19456/19513 (100%)]	Loss: -0.862894
2021-12-01 08:40:25,547 - INFO - Test set: Average loss: -0.0132, Accuracy: 4267/4878 (87%)

2021-12-01 08:40:25,746 - INFO - Train Epoch: 15 [19456/19513 (100%)]	Loss: -0.825974
2021-12-01 08:40:25,784 - INFO - Test set: Average loss: -0.0132, Accuracy: 4267/4878 (87%)

2021-12-01 08:40:25,986 - INFO - Train Epoch: 16 [19456/19513 (100%)]	Loss: -0.791207
2021-12-01 08:40:26,024 - INFO - Test set: Average loss: -0.0132, Accuracy: 4267/4878 (87%)

2021-12-01 08:40:26,225 - INFO - Train Epoch: 17 [19456/19513 (100%)]	Loss: -0.795324
2021-12-01 08:40:26,264 - INFO - Test set: Average loss: -0.0132, Accuracy: 4267/4878 (87%)

2021-12-01 08:40:26,463 - INFO - Train Epoch: 18 [19456/19513 (100%)]	Loss: -0.839633
2021-12-01 08:40:26,501 - INFO - Test set: Average loss: -0.0132, Accuracy: 4267/4878 (87%)

2021-12-01 08:40:26,702 - INFO - Train Epoch: 19 [19456/19513 (100%)]	Loss: -0.769259
2021-12-01 08:40:26,739 - INFO - Test set: Average loss: -0.0132, Accuracy: 4267/4878 (87%)

2021-12-01 08:40:26,939 - INFO - Train Epoch: 20 [19456/19513 (100%)]	Loss: -0.857047
2021-12-01 08:40:26,977 - INFO - Test set: Average loss: -0.0132, Accuracy: 4267/4878 (87%)

2021-12-01 08:40:27,176 - INFO - Train Epoch: 21 [19456/19513 (100%)]	Loss: -0.875673
2021-12-01 08:40:27,214 - INFO - Test set: Average loss: -0.0132, Accuracy: 4267/4878 (87%)

2021-12-01 08:40:27,415 - INFO - Train Epoch: 22 [19456/19513 (100%)]	Loss: -0.807731
2021-12-01 08:40:27,453 - INFO - Test set: Average loss: -0.0132, Accuracy: 4267/4878 (87%)

2021-12-01 08:40:27,653 - INFO - Train Epoch: 23 [19456/19513 (100%)]	Loss: -0.834927
2021-12-01 08:40:27,691 - INFO - Test set: Average loss: -0.0132, Accuracy: 4267/4878 (87%)

2021-12-01 08:40:27,897 - INFO - Train Epoch: 24 [19456/19513 (100%)]	Loss: -0.848252
2021-12-01 08:40:27,936 - INFO - Test set: Average loss: -0.0132, Accuracy: 4267/4878 (87%)

2021-12-01 08:40:28,138 - INFO - Train Epoch: 25 [19456/19513 (100%)]	Loss: -0.839366
2021-12-01 08:40:28,176 - INFO - Test set: Average loss: -0.0132, Accuracy: 4267/4878 (87%)

2021-12-01 08:40:28,379 - INFO - Train Epoch: 26 [19456/19513 (100%)]	Loss: -0.819116
2021-12-01 08:40:28,417 - INFO - Test set: Average loss: -0.0132, Accuracy: 4267/4878 (87%)

2021-12-01 08:40:28,617 - INFO - Train Epoch: 27 [19456/19513 (100%)]	Loss: -0.863650
2021-12-01 08:40:28,654 - INFO - Test set: Average loss: -0.0132, Accuracy: 4267/4878 (87%)

2021-12-01 08:40:28,857 - INFO - Train Epoch: 28 [19456/19513 (100%)]	Loss: -0.833542
2021-12-01 08:40:28,895 - INFO - Test set: Average loss: -0.0132, Accuracy: 4267/4878 (87%)

2021-12-01 08:40:29,095 - INFO - Train Epoch: 29 [19456/19513 (100%)]	Loss: -0.744424
2021-12-01 08:40:29,133 - INFO - Test set: Average loss: -0.0132, Accuracy: 4267/4878 (87%)

2021-12-01 08:40:29,334 - INFO - Train Epoch: 30 [19456/19513 (100%)]	Loss: -0.871628
2021-12-01 08:40:29,372 - INFO - Test set: Average loss: -0.0132, Accuracy: 4267/4878 (87%)

2021-12-01 08:40:29,573 - INFO - Train Epoch: 31 [19456/19513 (100%)]	Loss: -0.839295
2021-12-01 08:40:29,611 - INFO - Test set: Average loss: -0.0132, Accuracy: 4267/4878 (87%)

2021-12-01 08:40:29,810 - INFO - Train Epoch: 32 [19456/19513 (100%)]	Loss: -0.878038
2021-12-01 08:40:29,849 - INFO - Test set: Average loss: -0.0132, Accuracy: 4267/4878 (87%)

2021-12-01 08:40:30,048 - INFO - Train Epoch: 33 [19456/19513 (100%)]	Loss: -0.850800
2021-12-01 08:40:30,086 - INFO - Test set: Average loss: -0.0132, Accuracy: 4267/4878 (87%)

2021-12-01 08:40:30,287 - INFO - Train Epoch: 34 [19456/19513 (100%)]	Loss: -0.855603
2021-12-01 08:40:30,325 - INFO - Test set: Average loss: -0.0132, Accuracy: 4267/4878 (87%)

2021-12-01 08:40:30,527 - INFO - Train Epoch: 35 [19456/19513 (100%)]	Loss: -0.833970
2021-12-01 08:40:30,566 - INFO - Test set: Average loss: -0.0132, Accuracy: 4267/4878 (87%)

2021-12-01 08:40:30,774 - INFO - Train Epoch: 36 [19456/19513 (100%)]	Loss: -0.795345
2021-12-01 08:40:30,813 - INFO - Test set: Average loss: -0.0132, Accuracy: 4267/4878 (87%)

2021-12-01 08:40:31,018 - INFO - Train Epoch: 37 [19456/19513 (100%)]	Loss: -0.803242
2021-12-01 08:40:31,057 - INFO - Test set: Average loss: -0.0132, Accuracy: 4267/4878 (87%)

2021-12-01 08:40:31,261 - INFO - Train Epoch: 38 [19456/19513 (100%)]	Loss: -0.874193
2021-12-01 08:40:31,299 - INFO - Test set: Average loss: -0.0132, Accuracy: 4267/4878 (87%)

2021-12-01 08:40:31,503 - INFO - Train Epoch: 39 [19456/19513 (100%)]	Loss: -0.880692
2021-12-01 08:40:31,542 - INFO - Test set: Average loss: -0.0132, Accuracy: 4267/4878 (87%)

2021-12-01 08:40:31,746 - INFO - Train Epoch: 40 [19456/19513 (100%)]	Loss: -0.781892
2021-12-01 08:40:31,785 - INFO - Test set: Average loss: -0.0132, Accuracy: 4267/4878 (87%)

2021-12-01 08:40:31,991 - INFO - Train Epoch: 41 [19456/19513 (100%)]	Loss: -0.830215
2021-12-01 08:40:32,030 - INFO - Test set: Average loss: -0.0132, Accuracy: 4267/4878 (87%)

2021-12-01 08:40:32,233 - INFO - Train Epoch: 42 [19456/19513 (100%)]	Loss: -0.837231
2021-12-01 08:40:32,272 - INFO - Test set: Average loss: -0.0132, Accuracy: 4267/4878 (87%)

2021-12-01 08:40:32,475 - INFO - Train Epoch: 43 [19456/19513 (100%)]	Loss: -0.818803
2021-12-01 08:40:32,513 - INFO - Test set: Average loss: -0.0132, Accuracy: 4267/4878 (87%)

2021-12-01 08:40:32,751 - INFO - Train Epoch: 44 [19456/19513 (100%)]	Loss: -0.756100
2021-12-01 08:40:32,790 - INFO - Test set: Average loss: -0.0132, Accuracy: 4267/4878 (87%)

2021-12-01 08:40:32,997 - INFO - Train Epoch: 45 [19456/19513 (100%)]	Loss: -0.820262
2021-12-01 08:40:33,036 - INFO - Test set: Average loss: -0.0132, Accuracy: 4267/4878 (87%)

2021-12-01 08:40:33,238 - INFO - Train Epoch: 46 [19456/19513 (100%)]	Loss: -0.864922
2021-12-01 08:40:33,277 - INFO - Test set: Average loss: -0.0132, Accuracy: 4267/4878 (87%)

2021-12-01 08:40:33,479 - INFO - Train Epoch: 47 [19456/19513 (100%)]	Loss: -0.833466
2021-12-01 08:40:33,517 - INFO - Test set: Average loss: -0.0132, Accuracy: 4267/4878 (87%)

2021-12-01 08:40:33,718 - INFO - Train Epoch: 48 [19456/19513 (100%)]	Loss: -0.764035
2021-12-01 08:40:33,758 - INFO - Test set: Average loss: -0.0132, Accuracy: 4267/4878 (87%)

2021-12-01 08:40:33,965 - INFO - Train Epoch: 49 [19456/19513 (100%)]	Loss: -0.843729
2021-12-01 08:40:34,004 - INFO - Test set: Average loss: -0.0132, Accuracy: 4267/4878 (87%)

2021-12-01 08:40:34,204 - INFO - Train Epoch: 50 [19456/19513 (100%)]	Loss: -0.794979
2021-12-01 08:40:34,243 - INFO - Test set: Average loss: -0.0132, Accuracy: 4267/4878 (87%)

2021-12-01 08:40:34,435 - INFO - current index is: 1000
2021-12-01 08:40:34,437 - INFO - current attack mse is: 0.184986
2021-12-01 08:40:34,437 - INFO - current random mse is: 0.200786
2021-12-01 08:40:34,615 - INFO - current index is: 2000
2021-12-01 08:40:34,616 - INFO - current attack mse is: 0.183945
2021-12-01 08:40:34,616 - INFO - current random mse is: 0.200218
2021-12-01 08:40:34,807 - INFO - current index is: 3000
2021-12-01 08:40:34,809 - INFO - current attack mse is: 0.184891
2021-12-01 08:40:34,809 - INFO - current random mse is: 0.200154
2021-12-01 08:40:34,986 - INFO - current index is: 4000
2021-12-01 08:40:34,987 - INFO - current attack mse is: 0.184638
2021-12-01 08:40:34,988 - INFO - current random mse is: 0.200618
2021-12-01 08:40:35,170 - INFO - current index is: 5000
2021-12-01 08:40:35,172 - INFO - current attack mse is: 0.183433
2021-12-01 08:40:35,172 - INFO - current random mse is: 0.200067
2021-12-01 08:40:35,363 - INFO - current index is: 6000
2021-12-01 08:40:35,365 - INFO - current attack mse is: 0.183147
2021-12-01 08:40:35,365 - INFO - current random mse is: 0.199895
2021-12-01 08:40:35,382 - CRITICAL - average attack mse: 0.183106
2021-12-01 08:40:35,382 - CRITICAL - average random mse: 0.199778
2021-12-01 08:40:35,383 - CRITICAL - -------------------------------------
2021-12-01 08:40:35,383 - CRITICAL - Attack trial 3 / 10
2021-12-01 08:40:35,859 - CRITICAL - Dataset column permutation is: 
 tensor([ 2,  7, 15, 19,  1, 16,  3, 17, 12,  4,  5,  6, 18,  8, 14, 11, 13,  0,
        10,  9])
2021-12-01 08:40:35,863 - INFO - dataset size: 30488
2021-12-01 08:40:35,863 - INFO - total feature num: 20
2021-12-01 08:40:35,863 - INFO - class labels: [0. 1.]
2021-12-01 08:40:35,863 - INFO - class num: 2
2021-12-01 08:40:35,865 - INFO - len(train_loader): 305
2021-12-01 08:40:35,865 - INFO - len(test_loader): 77
2021-12-01 08:40:36,067 - INFO - Train Epoch: 1 [19456/19513 (100%)]	Loss: -0.862861
2021-12-01 08:40:36,107 - INFO - Test set: Average loss: -0.0135, Accuracy: 4315/4878 (88%)

2021-12-01 08:40:36,324 - INFO - Train Epoch: 2 [19456/19513 (100%)]	Loss: -0.838633
2021-12-01 08:40:36,369 - INFO - Test set: Average loss: -0.0136, Accuracy: 4315/4878 (88%)

2021-12-01 08:40:36,595 - INFO - Train Epoch: 3 [19456/19513 (100%)]	Loss: -0.799850
2021-12-01 08:40:36,635 - INFO - Test set: Average loss: -0.0136, Accuracy: 4315/4878 (88%)

2021-12-01 08:40:36,841 - INFO - Train Epoch: 4 [19456/19513 (100%)]	Loss: -0.822483
2021-12-01 08:40:36,880 - INFO - Test set: Average loss: -0.0136, Accuracy: 4315/4878 (88%)

2021-12-01 08:40:37,084 - INFO - Train Epoch: 5 [19456/19513 (100%)]	Loss: -0.895458
2021-12-01 08:40:37,123 - INFO - Test set: Average loss: -0.0136, Accuracy: 4315/4878 (88%)

2021-12-01 08:40:37,328 - INFO - Train Epoch: 6 [19456/19513 (100%)]	Loss: -0.894887
2021-12-01 08:40:37,367 - INFO - Test set: Average loss: -0.0136, Accuracy: 4315/4878 (88%)

2021-12-01 08:40:37,570 - INFO - Train Epoch: 7 [19456/19513 (100%)]	Loss: -0.833226
2021-12-01 08:40:37,608 - INFO - Test set: Average loss: -0.0136, Accuracy: 4315/4878 (88%)

2021-12-01 08:40:37,812 - INFO - Train Epoch: 8 [19456/19513 (100%)]	Loss: -0.839317
2021-12-01 08:40:37,852 - INFO - Test set: Average loss: -0.0136, Accuracy: 4315/4878 (88%)

2021-12-01 08:40:38,055 - INFO - Train Epoch: 9 [19456/19513 (100%)]	Loss: -0.855861
2021-12-01 08:40:38,093 - INFO - Test set: Average loss: -0.0136, Accuracy: 4315/4878 (88%)

2021-12-01 08:40:38,301 - INFO - Train Epoch: 10 [19456/19513 (100%)]	Loss: -0.912032
2021-12-01 08:40:38,342 - INFO - Test set: Average loss: -0.0136, Accuracy: 4315/4878 (88%)

2021-12-01 08:40:38,547 - INFO - Train Epoch: 11 [19456/19513 (100%)]	Loss: -0.862667
2021-12-01 08:40:38,586 - INFO - Test set: Average loss: -0.0136, Accuracy: 4315/4878 (88%)

2021-12-01 08:40:38,808 - INFO - Train Epoch: 12 [19456/19513 (100%)]	Loss: -0.804914
2021-12-01 08:40:38,850 - INFO - Test set: Average loss: -0.0136, Accuracy: 4315/4878 (88%)

2021-12-01 08:40:39,057 - INFO - Train Epoch: 13 [19456/19513 (100%)]	Loss: -0.801000
2021-12-01 08:40:39,100 - INFO - Test set: Average loss: -0.0136, Accuracy: 4315/4878 (88%)

2021-12-01 08:40:39,315 - INFO - Train Epoch: 14 [19456/19513 (100%)]	Loss: -0.851495
2021-12-01 08:40:39,355 - INFO - Test set: Average loss: -0.0136, Accuracy: 4315/4878 (88%)

2021-12-01 08:40:39,578 - INFO - Train Epoch: 15 [19456/19513 (100%)]	Loss: -0.826025
2021-12-01 08:40:39,619 - INFO - Test set: Average loss: -0.0136, Accuracy: 4315/4878 (88%)

2021-12-01 08:40:39,846 - INFO - Train Epoch: 16 [19456/19513 (100%)]	Loss: -0.868877
2021-12-01 08:40:39,888 - INFO - Test set: Average loss: -0.0136, Accuracy: 4315/4878 (88%)

2021-12-01 08:40:40,117 - INFO - Train Epoch: 17 [19456/19513 (100%)]	Loss: -0.857396
2021-12-01 08:40:40,158 - INFO - Test set: Average loss: -0.0136, Accuracy: 4315/4878 (88%)

2021-12-01 08:40:40,370 - INFO - Train Epoch: 18 [19456/19513 (100%)]	Loss: -0.839282
2021-12-01 08:40:40,408 - INFO - Test set: Average loss: -0.0136, Accuracy: 4315/4878 (88%)

2021-12-01 08:40:40,611 - INFO - Train Epoch: 19 [19456/19513 (100%)]	Loss: -0.865536
2021-12-01 08:40:40,649 - INFO - Test set: Average loss: -0.0136, Accuracy: 4315/4878 (88%)

2021-12-01 08:40:40,850 - INFO - Train Epoch: 20 [19456/19513 (100%)]	Loss: -0.855720
2021-12-01 08:40:40,888 - INFO - Test set: Average loss: -0.0136, Accuracy: 4315/4878 (88%)

2021-12-01 08:40:41,090 - INFO - Train Epoch: 21 [19456/19513 (100%)]	Loss: -0.839429
2021-12-01 08:40:41,128 - INFO - Test set: Average loss: -0.0136, Accuracy: 4315/4878 (88%)

2021-12-01 08:40:41,331 - INFO - Train Epoch: 22 [19456/19513 (100%)]	Loss: -0.781745
