2021-12-01 08:46:07,291 - CRITICAL - dataset: /home/yinbo/Desktop/comp6130/final project/final project/featureinference-vfl-master/datasets/bank_cleaned.csv
2021-12-01 08:46:07,291 - CRITICAL - number of target features: 6
2021-12-01 08:46:07,291 - CRITICAL - max tree depth: 5
2021-12-01 08:46:07,291 - CRITICAL - number of experimental trials: 10
2021-12-01 08:46:07,787 - CRITICAL - Begin trials
2021-12-01 08:46:07,787 - CRITICAL - -------------------------------------
2021-12-01 08:46:07,787 - CRITICAL - Attack trial 1 / 10
2021-12-01 08:46:08,322 - INFO - Decision Tree	 10-Avg train_perf:	0.907954, test_perf:	0.905289
2021-12-01 08:46:08,323 - INFO - target feature indexes: [14 15 16 17 18 19]
2021-12-01 08:46:15,240 - CRITICAL - total correct guess num: 1001
2021-12-01 08:46:15,240 - CRITICAL - total unknown compare num: 1287
2021-12-01 08:46:15,240 - CRITICAL - total correct guess rate: 0.777778
2021-12-01 08:46:15,241 - CRITICAL - baseline total correct guess num: 1904
2021-12-01 08:46:15,241 - CRITICAL - baseline total unknown compare num: 3749
2021-12-01 08:46:15,241 - CRITICAL - baseline total correct guess rate: 0.507869
2021-12-01 08:46:15,241 - CRITICAL - -------------------------------------
2021-12-01 08:46:15,241 - CRITICAL - Attack trial 2 / 10
2021-12-01 08:46:15,775 - INFO - Decision Tree	 10-Avg train_perf:	0.908877, test_perf:	0.904674
2021-12-01 08:46:15,775 - INFO - target feature indexes: [14 15 16 17 18 19]
2021-12-01 08:46:22,631 - CRITICAL - total correct guess num: 914
2021-12-01 08:46:22,631 - CRITICAL - total unknown compare num: 1328
2021-12-01 08:46:22,631 - CRITICAL - total correct guess rate: 0.688253
2021-12-01 08:46:22,631 - CRITICAL - baseline total correct guess num: 2044
2021-12-01 08:46:22,632 - CRITICAL - baseline total unknown compare num: 4172
2021-12-01 08:46:22,632 - CRITICAL - baseline total correct guess rate: 0.489933
2021-12-01 08:46:22,632 - CRITICAL - -------------------------------------
2021-12-01 08:46:22,632 - CRITICAL - Attack trial 3 / 10
2021-12-01 08:46:23,151 - INFO - Decision Tree	 10-Avg train_perf:	0.909440, test_perf:	0.908159
2021-12-01 08:46:23,152 - INFO - target feature indexes: [14 15 16 17 18 19]
2021-12-01 08:46:30,025 - CRITICAL - total correct guess num: 10121
2021-12-01 08:46:30,025 - CRITICAL - total unknown compare num: 16325
2021-12-01 08:46:30,025 - CRITICAL - total correct guess rate: 0.619969
2021-12-01 08:46:30,025 - CRITICAL - baseline total correct guess num: 7076
2021-12-01 08:46:30,025 - CRITICAL - baseline total unknown compare num: 14132
2021-12-01 08:46:30,026 - CRITICAL - baseline total correct guess rate: 0.500708
2021-12-01 08:46:30,026 - CRITICAL - -------------------------------------
2021-12-01 08:46:30,026 - CRITICAL - Attack trial 4 / 10
2021-12-01 08:46:30,537 - INFO - Decision Tree	 10-Avg train_perf:	0.908723, test_perf:	0.905084
2021-12-01 08:46:30,538 - INFO - target feature indexes: [14 15 16 17 18 19]
2021-12-01 08:46:37,361 - CRITICAL - total correct guess num: 9529
2021-12-01 08:46:37,362 - CRITICAL - total unknown compare num: 15622
2021-12-01 08:46:37,362 - CRITICAL - total correct guess rate: 0.609973
2021-12-01 08:46:37,362 - CRITICAL - baseline total correct guess num: 8084
2021-12-01 08:46:37,362 - CRITICAL - baseline total unknown compare num: 15958
2021-12-01 08:46:37,362 - CRITICAL - baseline total correct guess rate: 0.506580
2021-12-01 08:46:37,362 - CRITICAL - -------------------------------------
2021-12-01 08:46:37,362 - CRITICAL - Attack trial 5 / 10
2021-12-01 08:46:37,879 - INFO - Decision Tree	 10-Avg train_perf:	0.911080, test_perf:	0.902624
2021-12-01 08:46:37,880 - INFO - target feature indexes: [14 15 16 17 18 19]
2021-12-01 08:46:44,877 - CRITICAL - total correct guess num: 12893
2021-12-01 08:46:44,877 - CRITICAL - total unknown compare num: 20911
2021-12-01 08:46:44,877 - CRITICAL - total correct guess rate: 0.616565
2021-12-01 08:46:44,877 - CRITICAL - baseline total correct guess num: 9102
2021-12-01 08:46:44,877 - CRITICAL - baseline total unknown compare num: 18329
2021-12-01 08:46:44,877 - CRITICAL - baseline total correct guess rate: 0.496590
2021-12-01 08:46:44,877 - CRITICAL - -------------------------------------
2021-12-01 08:46:44,877 - CRITICAL - Attack trial 6 / 10
2021-12-01 08:46:45,397 - INFO - Decision Tree	 10-Avg train_perf:	0.908672, test_perf:	0.900164
2021-12-01 08:46:45,398 - INFO - target feature indexes: [14 15 16 17 18 19]
2021-12-01 08:46:52,263 - CRITICAL - total correct guess num: 3620
2021-12-01 08:46:52,263 - CRITICAL - total unknown compare num: 5024
2021-12-01 08:46:52,263 - CRITICAL - total correct guess rate: 0.720541
2021-12-01 08:46:52,263 - CRITICAL - baseline total correct guess num: 1696
2021-12-01 08:46:52,263 - CRITICAL - baseline total unknown compare num: 3387
2021-12-01 08:46:52,263 - CRITICAL - baseline total correct guess rate: 0.500738
2021-12-01 08:46:52,264 - CRITICAL - -------------------------------------
2021-12-01 08:46:52,264 - CRITICAL - Attack trial 7 / 10
2021-12-01 08:46:52,777 - INFO - Decision Tree	 10-Avg train_perf:	0.908108, test_perf:	0.908364
2021-12-01 08:46:52,778 - INFO - target feature indexes: [14 15 16 17 18 19]
2021-12-01 08:46:59,614 - CRITICAL - total correct guess num: 1392
2021-12-01 08:46:59,614 - CRITICAL - total unknown compare num: 2000
2021-12-01 08:46:59,614 - CRITICAL - total correct guess rate: 0.696000
2021-12-01 08:46:59,614 - CRITICAL - baseline total correct guess num: 2700
2021-12-01 08:46:59,614 - CRITICAL - baseline total unknown compare num: 5362
2021-12-01 08:46:59,614 - CRITICAL - baseline total correct guess rate: 0.503543
2021-12-01 08:46:59,615 - CRITICAL - -------------------------------------
2021-12-01 08:46:59,615 - CRITICAL - Attack trial 8 / 10
2021-12-01 08:47:00,142 - INFO - Decision Tree	 10-Avg train_perf:	0.907339, test_perf:	0.907339
2021-12-01 08:47:00,143 - INFO - target feature indexes: [14 15 16 17 18 19]
2021-12-01 08:47:06,976 - CRITICAL - total correct guess num: 5714
2021-12-01 08:47:06,976 - CRITICAL - total unknown compare num: 9796
2021-12-01 08:47:06,976 - CRITICAL - total correct guess rate: 0.583299
2021-12-01 08:47:06,976 - CRITICAL - baseline total correct guess num: 2027
2021-12-01 08:47:06,976 - CRITICAL - baseline total unknown compare num: 4138
2021-12-01 08:47:06,976 - CRITICAL - baseline total correct guess rate: 0.489850
2021-12-01 08:47:06,976 - CRITICAL - -------------------------------------
2021-12-01 08:47:06,976 - CRITICAL - Attack trial 9 / 10
2021-12-01 08:47:07,491 - INFO - Decision Tree	 10-Avg train_perf:	0.908313, test_perf:	0.899139
2021-12-01 08:47:07,492 - INFO - target feature indexes: [14 15 16 17 18 19]
2021-12-01 08:47:14,334 - CRITICAL - total correct guess num: 11275
2021-12-01 08:47:14,334 - CRITICAL - total unknown compare num: 18957
2021-12-01 08:47:14,334 - CRITICAL - total correct guess rate: 0.594767
2021-12-01 08:47:14,334 - CRITICAL - baseline total correct guess num: 7990
2021-12-01 08:47:14,334 - CRITICAL - baseline total unknown compare num: 16016
2021-12-01 08:47:14,334 - CRITICAL - baseline total correct guess rate: 0.498876
2021-12-01 08:47:14,334 - CRITICAL - -------------------------------------
2021-12-01 08:47:14,334 - CRITICAL - Attack trial 10 / 10
2021-12-01 08:47:14,846 - INFO - Decision Tree	 10-Avg train_perf:	0.910670, test_perf:	0.905699
2021-12-01 08:47:14,846 - INFO - target feature indexes: [14 15 16 17 18 19]
2021-12-01 08:47:21,820 - CRITICAL - total correct guess num: 13355
2021-12-01 08:47:21,820 - CRITICAL - total unknown compare num: 22301
2021-12-01 08:47:21,820 - CRITICAL - total correct guess rate: 0.598852
2021-12-01 08:47:21,821 - CRITICAL - baseline total correct guess num: 9092
2021-12-01 08:47:21,821 - CRITICAL - baseline total unknown compare num: 18276
2021-12-01 08:47:21,821 - CRITICAL - baseline total correct guess rate: 0.497483
2021-12-01 08:47:21,821 - CRITICAL - -------------------------------------
2021-12-01 08:47:21,821 - CRITICAL - Path restriction attack	 10-Avg accuracy:	0.650600
2021-12-01 08:47:21,821 - CRITICAL - Random guess attack	 10-Avg accuracy:	0.499217
