2021-11-30 11:03:15,283 - CRITICAL - 


<<<<<<<-------------------------------NumOfFeaturesToRecover: 20------------------------------->>>>>>>
2021-11-30 11:03:15,283 - CRITICAL - Running on device: cpu
2021-11-30 11:03:15,284 - CRITICAL - Writing log to file: /home/yinbo/Desktop/comp6130/final project/final project/featureinference-vfl-master/GRNA/log/drive-2021-11-30-11-03-15-attacker-28-victim-20-mean-False-type-RF-predict-0.2.log
2021-11-30 11:03:15,284 - CRITICAL - n_attacker = 28, n_victim = 20
2021-11-30 11:03:15,284 - INFO - # By default, section names are case sensitive but keys are not
# Config parsers do not guess datatypes of values in configuration files, always storing them internally as strings. 

[DEFAULT]
DataFile = drive_cleaned.csv
LogFile = drive.log
NumOfFeaturesOwnedByAttacker = 28
NumOfFeaturesToRecover = 20
RunningTimes = 10

[DATASET]
TrainPortion = 0.6
TestPortion = 0.2
PredictPortion = 0.2

[DEFENCE]
EnableConfidenceRounding = False
RoundingPrecision = 1

[GENERATOR]
Epochs = 60
EnableAttackerFeatures = True  
EnableKnownMeanConstraint = False         
KnownMeanLambda = 1.2
UnknownVarLambda = 0.25

# modeltype should be one of (LR, NN, RF)
[CLASSIFIER]
ModeType = RF
# MUST SET: should be 2 for LR 
ClassNum = 11
Epochs = 60      

    

2021-11-30 11:03:15,284 - CRITICAL - 

<----------------- Running count: 1 / 10 ----------------->


2021-11-30 11:03:18,499 - CRITICAL - Dataset column permutation is: 
 tensor([ 7, 31, 27, 47, 24,  2, 36, 25, 11,  9,  5, 12, 21,  3, 23, 38, 42, 45,
        37, 34, 39,  0,  4, 40, 41,  6, 20, 14, 17, 30, 35, 28, 19, 26, 32, 22,
        33, 46, 44, 15,  8, 10, 13, 29, 18,  1, 16, 43])
2021-11-30 11:03:18,523 - CRITICAL - Creating dataset, len(samples): 58509; positive labels sum: 53190
2021-11-30 11:03:18,538 - CRITICAL - For dataset /home/yinbo/Desktop/comp6130/final project/final project/featureinference-vfl-master/datasets/drive_cleaned.csv, dataset length: 58509
2021-11-30 11:03:18,538 - CRITICAL - 
[FUNCTION]: Splitting dataset by getSplittedDataset()......
2021-11-30 11:03:18,538 - INFO - Display first (x, y) pair of dataset:
 tensor([8.1753e-01, 3.6554e-01, 3.9434e-01, 1.1781e-01, 3.5851e-01, 7.2105e-01,
        6.0996e-05, 5.0865e-01, 3.2505e-01, 3.2505e-01, 7.7792e-01, 1.3157e-04,
        6.2360e-02, 8.9780e-01, 6.2405e-02, 2.0749e-02, 4.3299e-01, 1.1835e-01,
        1.5917e-02, 6.3140e-01, 7.3337e-05, 7.0346e-01, 9.1003e-01, 3.9992e-03,
        5.1032e-02, 8.2103e-01, 6.2769e-02, 2.3714e-03, 4.7071e-03, 3.5808e-01,
        6.3767e-01, 5.2852e-01, 6.2719e-02, 4.1320e-01, 3.6990e-01, 6.2368e-02,
        6.2594e-01, 1.2688e-01, 4.0469e-01, 1.1571e-04, 8.1294e-01, 3.2502e-01,
        8.5679e-04, 5.0881e-01, 6.2715e-02, 5.4556e-01, 9.0313e-04, 4.2939e-01]), tensor(0.)
2021-11-30 11:03:18,548 - INFO - Shape of (x, y): torch.Size([48]) torch.Size([])
2021-11-30 11:03:18,550 - CRITICAL - len(trainset): 35105
2021-11-30 11:03:18,551 - CRITICAL - len(testset): 11701
2021-11-30 11:03:18,552 - CRITICAL - len(predictset): 11703
2021-11-30 11:03:18,552 - INFO - len(trainloader): 549
2021-11-30 11:03:18,552 - INFO - len(testloader): 183
2021-11-30 11:03:18,552 - INFO - len(predictloader): 183
2021-11-30 11:03:18,552 - CRITICAL - 
[FUNCTION]: Creating GlobalClassifierTrainer......
2021-11-30 11:03:18,552 - CRITICAL - Creating a model for type RF
2021-11-30 11:03:18,552 - CRITICAL - Creating RandomForest, with n_estimators=100, max_depth=3
2021-11-30 11:03:18,558 - INFO - Structure of Fake Random Forest: FakeRandomForest(
  (dense): Sequential(
    (0): Linear(in_features=48, out_features=2000, bias=True)
    (1): Dropout(p=0.5, inplace=False)
    (2): ReLU()
    (3): Linear(in_features=2000, out_features=200, bias=True)
    (4): Dropout(p=0.5, inplace=False)
    (5): ReLU()
    (6): Linear(in_features=200, out_features=11, bias=True)
    (7): Sigmoid()
  )
)
2021-11-30 11:03:18,558 - INFO - Structure of Global Classifier: RandomForestClassifier(max_depth=3, random_state=0)
2021-11-30 11:03:18,560 - CRITICAL - 
[FUNCTION]: Creating GeneratorTrainer......
2021-11-30 11:03:18,560 - CRITICAL - Creating a generator
2021-11-30 11:03:18,563 - INFO - Structure of Generator: Generator(
  (net): Sequential(
    (0): Linear(in_features=48, out_features=600, bias=True)
    (1): LayerNorm((600,), eps=1e-05, elementwise_affine=True)
    (2): ReLU()
    (3): Linear(in_features=600, out_features=200, bias=True)
    (4): LayerNorm((200,), eps=1e-05, elementwise_affine=True)
    (5): ReLU()
    (6): Linear(in_features=200, out_features=100, bias=True)
    (7): LayerNorm((100,), eps=1e-05, elementwise_affine=True)
    (8): ReLU()
    (9): Linear(in_features=100, out_features=20, bias=True)
    (10): Sigmoid()
  )
)
2021-11-30 11:03:18,563 - CRITICAL - 
[FUNCTION]: Training global classifier RF......
2021-11-30 11:03:24,053 - CRITICAL - After training Random Forest, train accur is 0.7984617575843896, test accur is 0.7947184001367404.
2021-11-30 11:03:29,861 - CRITICAL - Creating FakeDataset (torch.Size([585090, 48]), torch.Size([585090, 11]))
2021-11-30 11:03:29,863 - CRITICAL - 
[FUNCTION]: Imitating Random Forest......
2021-11-30 11:04:22,003 - CRITICAL - In epoch 0, train loss is 0.0007487650727853179, test loss is 0.0005761421634815633.
2021-11-30 11:05:17,141 - CRITICAL - In epoch 1, train loss is 0.00043180707143619657, test loss is 0.0003749359166249633.
2021-11-30 11:06:11,940 - CRITICAL - In epoch 2, train loss is 0.0005053437198512256, test loss is 0.0003223285893909633.
2021-11-30 11:07:07,418 - CRITICAL - In epoch 3, train loss is 0.0004343851178418845, test loss is 0.0002890555770136416.
2021-11-30 11:08:02,968 - CRITICAL - In epoch 4, train loss is 0.00045505896559916437, test loss is 0.00030892298673279583.
2021-11-30 11:08:02,973 - CRITICAL - 
[FUNCTION]: Training Generator......
2021-11-30 11:08:02,973 - CRITICAL - Enable Attacker Features
2021-11-30 11:08:02,974 - CRITICAL - Disable Mean Constraint
2021-11-30 11:08:02,974 - CRITICAL - parameters['unknownVarLambda'] = 0.25
2021-11-30 11:08:02,974 - CRITICAL - Disable Confidence Rounding
2021-11-30 11:08:02,974 - CRITICAL - parameters['roundPrecision'] = 1
2021-11-30 11:08:04,732 - INFO - >>>>>>>>>>>>>>>>>
2021-11-30 11:08:04,733 - CRITICAL - In epoch 0, loss is tensor(0.4089)
2021-11-30 11:08:04,735 - INFO - L2 norm of yhat: tensor(298.7612, grad_fn=<SumBackward0>)
2021-11-30 11:08:04,735 - INFO - L2 norm of original vector: tensor(232.7835)
2021-11-30 11:08:04,736 - INFO - First two lines of yhat: tensor([[0.6388, 0.7255, 0.7985, 0.4660, 0.5390, 0.6749, 0.3086, 0.4420, 0.3684,
         0.2539, 0.5024, 0.3139, 0.7142, 0.4423, 0.2949, 0.5949, 0.5866, 0.3415,
         0.1823, 0.7831],
        [0.6612, 0.7673, 0.7266, 0.5437, 0.6000, 0.6732, 0.3341, 0.4730, 0.4144,
         0.2474, 0.5214, 0.3294, 0.6767, 0.4486, 0.3637, 0.5741, 0.6749, 0.3773,
         0.1840, 0.7383]], grad_fn=<SliceBackward>)
2021-11-30 11:08:26,036 - INFO - >>>>>>>>>>>>>>>>>
2021-11-30 11:08:26,036 - CRITICAL - In epoch 12, loss is tensor(0.0211)
2021-11-30 11:08:26,037 - INFO - L2 norm of yhat: tensor(325.8062, grad_fn=<SumBackward0>)
2021-11-30 11:08:26,037 - INFO - L2 norm of original vector: tensor(233.9898)
2021-11-30 11:08:26,038 - INFO - First two lines of yhat: tensor([[0.1666, 0.9106, 0.6542, 0.0330, 0.7764, 0.9156, 0.5479, 0.3319, 0.5537,
         0.0414, 0.0272, 0.1801, 0.7203, 0.3533, 0.0419, 0.5044, 0.8237, 0.3901,
         0.0254, 0.9048],
        [0.1667, 0.8880, 0.6505, 0.0373, 0.7591, 0.9118, 0.5653, 0.3113, 0.5524,
         0.0382, 0.0313, 0.1789, 0.8059, 0.4523, 0.0403, 0.5120, 0.8019, 0.4048,
         0.0318, 0.8977]], grad_fn=<SliceBackward>)
2021-11-30 11:08:47,376 - INFO - >>>>>>>>>>>>>>>>>
2021-11-30 11:08:47,377 - CRITICAL - In epoch 24, loss is tensor(0.0127)
2021-11-30 11:08:47,378 - INFO - L2 norm of yhat: tensor(298.8351, grad_fn=<SumBackward0>)
2021-11-30 11:08:47,378 - INFO - L2 norm of original vector: tensor(220.7267)
2021-11-30 11:08:47,378 - INFO - First two lines of yhat: tensor([[0.0768, 0.9133, 0.6594, 0.0147, 0.8274, 0.9704, 0.2895, 0.2619, 0.6074,
         0.0307, 0.0162, 0.1474, 0.6397, 0.3898, 0.0185, 0.2615, 0.5921, 0.4417,
         0.0525, 0.8844],
        [0.0834, 0.9097, 0.6312, 0.0139, 0.8366, 0.9663, 0.2795, 0.2733, 0.6251,
         0.0345, 0.0180, 0.1435, 0.6585, 0.3959, 0.0180, 0.2641, 0.6074, 0.4176,
         0.0483, 0.8801]], grad_fn=<SliceBackward>)
2021-11-30 11:09:08,790 - INFO - >>>>>>>>>>>>>>>>>
2021-11-30 11:09:08,790 - CRITICAL - In epoch 36, loss is tensor(0.0106)
2021-11-30 11:09:08,791 - INFO - L2 norm of yhat: tensor(295.2977, grad_fn=<SumBackward0>)
2021-11-30 11:09:08,791 - INFO - L2 norm of original vector: tensor(218.6875)
2021-11-30 11:09:08,792 - INFO - First two lines of yhat: tensor([[0.0714, 0.9006, 0.6879, 0.0079, 0.8297, 0.9856, 0.2192, 0.2246, 0.6194,
         0.0389, 0.0092, 0.1599, 0.7728, 0.4973, 0.0117, 0.0920, 0.5813, 0.4451,
         0.0594, 0.9178],
        [0.0772, 0.9046, 0.6269, 0.0075, 0.8401, 0.9841, 0.2190, 0.2318, 0.5983,
         0.0312, 0.0097, 0.1627, 0.5453, 0.3325, 0.0096, 0.0987, 0.5751, 0.4129,
         0.0628, 0.9047]], grad_fn=<SliceBackward>)
2021-11-30 11:09:30,686 - INFO - >>>>>>>>>>>>>>>>>
2021-11-30 11:09:30,687 - CRITICAL - In epoch 48, loss is tensor(0.0096)
2021-11-30 11:09:30,687 - INFO - L2 norm of yhat: tensor(294.6673, grad_fn=<SumBackward0>)
2021-11-30 11:09:30,688 - INFO - L2 norm of original vector: tensor(234.2986)
2021-11-30 11:09:30,688 - INFO - First two lines of yhat: tensor([[0.1272, 0.8835, 0.6696, 0.0028, 0.8053, 0.9934, 0.2190, 0.2172, 0.6204,
         0.0390, 0.0037, 0.1727, 0.7423, 0.4357, 0.0058, 0.0364, 0.6141, 0.4129,
         0.0613, 0.9242],
        [0.1252, 0.8833, 0.6575, 0.0028, 0.8098, 0.9933, 0.2146, 0.2137, 0.6064,
         0.0358, 0.0039, 0.1765, 0.6617, 0.3902, 0.0057, 0.0379, 0.6135, 0.4156,
         0.0627, 0.9231]], grad_fn=<SliceBackward>)
2021-11-30 11:09:50,606 - INFO - >>>>>>>>>>>>>>>>>
2021-11-30 11:09:50,607 - CRITICAL - In epoch 59, loss is tensor(0.0087)
2021-11-30 11:09:50,608 - INFO - L2 norm of yhat: tensor(296.6003, grad_fn=<SumBackward0>)
2021-11-30 11:09:50,608 - INFO - L2 norm of original vector: tensor(223.0341)
2021-11-30 11:09:50,609 - INFO - First two lines of yhat: tensor([[0.2403, 0.8587, 0.6627, 0.0015, 0.7733, 0.9961, 0.2258, 0.2038, 0.6074,
         0.0355, 0.0022, 0.1914, 0.6846, 0.3832, 0.0034, 0.0166, 0.6695, 0.4132,
         0.0719, 0.9275],
        [0.2433, 0.8620, 0.6756, 0.0017, 0.7755, 0.9959, 0.2314, 0.2088, 0.6178,
         0.0413, 0.0024, 0.1950, 0.7631, 0.4182, 0.0044, 0.0151, 0.6701, 0.4002,
         0.0690, 0.9278]], grad_fn=<SliceBackward>)
2021-11-30 11:09:50,609 - CRITICAL - 
[FUNCTION]: Testing Generator......
2021-11-30 11:09:50,610 - CRITICAL - Enable Attacker Features
2021-11-30 11:09:50,610 - CRITICAL - Disable Mean Constraint
2021-11-30 11:09:50,613 - CRITICAL - <<<<<<<<<<<<<<<<
2021-11-30 11:09:50,613 - CRITICAL - Model output loss: 0.1009414941072464
2021-11-30 11:09:50,613 - CRITICAL - Random guess loss: 0.15485475957393646
2021-11-30 11:09:50,613 - INFO - Model output loss PF: [4.35758382e-02 2.40401298e-01 7.62303534e-04 2.81681687e-01
 1.27028257e-01 2.93551326e-01 2.71647032e-02 1.43193200e-01
 1.91111211e-03 1.12740202e-02 1.10040948e-01 3.39186378e-02
 5.43953478e-03 1.01284671e-03 2.72628153e-04 2.62415737e-01
 8.24271962e-02 1.55249313e-02 2.31015659e-03 3.34923327e-01]
2021-11-30 11:09:50,614 - INFO - Random guess loss PF: [0.28133819 0.10523809 0.11450689 0.09508662 0.1369012  0.08360903
 0.11316273 0.13806485 0.10571057 0.19872719 0.11082228 0.29777968
 0.12728396 0.10219371 0.29431212 0.09427825 0.13579163 0.08726376
 0.36377257 0.11125211]
2021-11-30 11:09:50,614 - INFO - Attack result, first 2 samples: tensor([[0.2295, 0.8648, 0.7146, 0.0020, 0.7621, 0.9965, 0.2291, 0.1899, 0.6182,
         0.0340, 0.0021, 0.1895, 0.8059, 0.4917, 0.0041, 0.0138, 0.6757, 0.4434,
         0.0534, 0.9432],
        [0.2392, 0.8553, 0.6462, 0.0014, 0.7672, 0.9961, 0.2263, 0.1955, 0.5930,
         0.0341, 0.0020, 0.1929, 0.7297, 0.3123, 0.0031, 0.0158, 0.6637, 0.4299,
         0.0566, 0.9293]], grad_fn=<SliceBackward>)
2021-11-30 11:09:50,615 - INFO - Ground truth, first 2 samples: tensor([[0.0371, 0.3862, 0.6981, 0.5237, 0.2846, 0.5170, 0.3984, 0.2823, 0.6844,
         0.0984, 0.4355, 0.0130, 0.9055, 0.4979, 0.0193, 0.5301, 0.2846, 0.5516,
         0.0140, 0.4551],
        [0.0318, 0.4320, 0.6101, 0.5229, 0.3170, 0.4720, 0.4395, 0.3203, 0.5993,
         0.1720, 0.2845, 0.0133, 0.7695, 0.3072, 0.0218, 0.5427, 0.3170, 0.5457,
         0.0168, 0.3138]]):
2021-11-30 11:09:50,618 - CRITICAL - <<<<<<<<<<<<<<<<
2021-11-30 11:09:50,619 - CRITICAL - Model output loss: 0.10078481584787369
2021-11-30 11:09:50,619 - CRITICAL - Random guess loss: 0.15421397984027863
2021-11-30 11:09:50,619 - INFO - Model output loss PF: [4.36557829e-02 2.28237242e-01 4.11547255e-04 2.80198336e-01
 1.36226356e-01 2.93681175e-01 3.13872844e-02 1.28173277e-01
 2.13308237e-03 1.09789167e-02 1.14059404e-01 3.38850133e-02
 1.26366569e-02 8.88325507e-04 2.95496662e-04 2.65775621e-01
 8.74053314e-02 1.55798774e-02 2.32952228e-03 3.27758044e-01]
2021-11-30 11:09:50,619 - INFO - Random guess loss PF: [0.2382427  0.07719659 0.10648102 0.09989473 0.10785741 0.09536855
 0.09540332 0.11557428 0.0904354  0.25368059 0.09865047 0.31619236
 0.18529843 0.12618817 0.39965367 0.07781892 0.11051552 0.07014218
 0.30439878 0.1152868 ]
2021-11-30 11:09:50,619 - INFO - Attack result, first 2 samples: tensor([[0.2321, 0.8530, 0.6452, 0.0016, 0.7634, 0.9961, 0.2220, 0.2006, 0.5783,
         0.0278, 0.0022, 0.1960, 0.5204, 0.3454, 0.0026, 0.0190, 0.6652, 0.4163,
         0.0734, 0.9313],
        [0.2365, 0.8509, 0.6571, 0.0014, 0.7687, 0.9962, 0.2259, 0.2023, 0.5991,
         0.0359, 0.0018, 0.1912, 0.7220, 0.3482, 0.0031, 0.0161, 0.6707, 0.4154,
         0.0646, 0.9311]], grad_fn=<SliceBackward>)
2021-11-30 11:09:50,620 - INFO - Ground truth, first 2 samples: tensor([[0.0263, 0.4334, 0.6525, 0.5353, 0.3641, 0.4529, 0.4393, 0.3661, 0.6407,
         0.1376, 0.2801, 0.0138, 0.5205, 0.3281, 0.0228, 0.5316, 0.3642, 0.5489,
         0.0146, 0.3096],
        [0.0402, 0.4570, 0.6352, 0.4928, 0.5792, 0.3977, 0.4653, 0.5810, 0.6232,
         0.1726, 0.3108, 0.0164, 0.7359, 0.3917, 0.0246, 0.5226, 0.5792, 0.5421,
         0.0192, 0.3238]]):
2021-11-30 11:09:50,624 - CRITICAL - <<<<<<<<<<<<<<<<
2021-11-30 11:09:50,624 - CRITICAL - Model output loss: 0.10137078911066055
2021-11-30 11:09:50,624 - CRITICAL - Random guess loss: 0.1479470133781433
2021-11-30 11:09:50,624 - INFO - Model output loss PF: [4.44929153e-02 2.41565749e-01 5.29886398e-04 2.78825462e-01
 1.28701940e-01 2.92471826e-01 2.69948877e-02 1.37286589e-01
 2.11935909e-03 1.09853745e-02 1.13429017e-01 3.42297740e-02
 8.59481655e-03 8.08146084e-04 2.52222031e-04 2.76287138e-01
 8.35803971e-02 1.53649831e-02 2.55205063e-03 3.28343093e-01]
2021-11-30 11:09:50,624 - INFO - Random guess loss PF: [0.2960149  0.10862477 0.10251483 0.08361902 0.14276165 0.08220591
 0.09859128 0.1076185  0.09848019 0.21586606 0.07777419 0.24296121
 0.09344648 0.11360848 0.31385672 0.07543831 0.1335766  0.08897678
 0.38230112 0.10070317]
2021-11-30 11:09:50,625 - INFO - Attack result, first 2 samples: tensor([[0.2342, 0.8618, 0.7195, 0.0020, 0.7585, 0.9965, 0.2273, 0.1867, 0.6133,
         0.0327, 0.0022, 0.1889, 0.7848, 0.5260, 0.0041, 0.0136, 0.6669, 0.4546,
         0.0554, 0.9425],
        [0.2371, 0.8547, 0.6595, 0.0015, 0.7589, 0.9962, 0.2208, 0.1934, 0.5856,
         0.0327, 0.0021, 0.1935, 0.6756, 0.3957, 0.0031, 0.0166, 0.6621, 0.4404,
         0.0668, 0.9330]], grad_fn=<SliceBackward>)
2021-11-30 11:09:50,625 - INFO - Ground truth, first 2 samples: tensor([[0.0094, 0.3982, 0.6696, 0.5358, 0.1787, 0.4954, 0.4078, 0.1787, 0.6574,
         0.1414, 0.3328, 0.0028, 0.8549, 0.5750, 0.0064, 0.5494, 0.1787, 0.5454,
         0.0050, 0.3609],
        [0.0280, 0.2966, 0.6711, 0.5327, 0.2713, 0.4361, 0.3087, 0.2718, 0.6597,
         0.1586, 0.3108, 0.0128, 0.6783, 0.4106, 0.0207, 0.5385, 0.2714, 0.5503,
         0.0134, 0.3367]]):
2021-11-30 11:09:50,629 - CRITICAL - <<<<<<<<<<<<<<<<
2021-11-30 11:09:50,629 - CRITICAL - Model output loss: 0.10618659108877182
2021-11-30 11:09:50,629 - CRITICAL - Random guess loss: 0.15678848326206207
2021-11-30 11:09:50,629 - INFO - Model output loss PF: [0.04374899 0.24777439 0.00081114 0.28404173 0.13078365 0.30189526
 0.02528165 0.19256143 0.00215447 0.01101921 0.11700287 0.03420761
 0.0146961  0.00142957 0.00033225 0.27936566 0.09577554 0.01634092
 0.00225987 0.32224947]
2021-11-30 11:09:50,630 - INFO - Random guess loss PF: [0.31363717 0.11002935 0.09683388 0.08203223 0.14135472 0.08117972
 0.10456537 0.17129216 0.10924078 0.18552582 0.1141055  0.34049433
 0.14736551 0.1316566  0.26833096 0.08620986 0.16931695 0.08529133
 0.29785281 0.09945435]
2021-11-30 11:09:50,630 - INFO - Attack result, first 2 samples: tensor([[0.2372, 0.8570, 0.6439, 0.0016, 0.7597, 0.9962, 0.2231, 0.1861, 0.5540,
         0.0294, 0.0024, 0.1944, 0.5050, 0.3523, 0.0027, 0.0173, 0.6531, 0.4484,
         0.0710, 0.9336],
        [0.2474, 0.8661, 0.5976, 0.0031, 0.7678, 0.9981, 0.2191, 0.1994, 0.5515,
         0.0241, 0.0012, 0.1931, 0.5120, 0.0706, 0.0019, 0.0184, 0.6663, 0.3971,
         0.0096, 0.9356]], grad_fn=<SliceBackward>)
2021-11-30 11:09:50,631 - INFO - Ground truth, first 2 samples: tensor([[2.5969e-03, 3.2811e-01, 6.4666e-01, 5.1554e-01, 9.8084e-03, 4.5996e-01,
         3.4024e-01, 9.3508e-03, 6.3476e-01, 1.4516e-01, 3.7977e-01, 4.8785e-05,
         4.7133e-01, 3.4700e-01, 1.4959e-03, 5.2133e-01, 9.8141e-03, 5.4482e-01,
         6.3213e-04, 4.0514e-01],
        [5.7126e-02, 4.0385e-01, 6.0135e-01, 5.4162e-01, 9.4941e-01, 4.1414e-01,
         4.2030e-01, 9.4505e-01, 5.9098e-01, 1.5430e-01, 3.1085e-01, 2.0286e-02,
         3.4304e-01, 3.6942e-02, 3.2477e-02, 5.7679e-01, 9.4947e-01, 5.4281e-01,
         2.8578e-02, 3.2810e-01]]):
2021-11-30 11:09:50,634 - CRITICAL - <<<<<<<<<<<<<<<<
2021-11-30 11:09:50,634 - CRITICAL - Model output loss: 0.10037919133901596
2021-11-30 11:09:50,634 - CRITICAL - Random guess loss: 0.15661536157131195
2021-11-30 11:09:50,634 - INFO - Model output loss PF: [4.11741324e-02 2.35708058e-01 7.70327286e-04 2.77623177e-01
 1.10973462e-01 2.93728620e-01 2.90322565e-02 1.55253053e-01
 2.07981467e-03 1.19062653e-02 1.05373546e-01 3.34946141e-02
 7.85896461e-03 9.57647339e-04 3.31473770e-04 2.68282205e-01
 7.16402382e-02 1.57946590e-02 2.35761935e-03 3.43243659e-01]
2021-11-30 11:09:50,635 - INFO - Random guess loss PF: [0.25834382 0.08032276 0.08787914 0.08885555 0.1387943  0.08842035
 0.08954483 0.15433474 0.10708113 0.24019347 0.1205757  0.32544237
 0.12958097 0.07893153 0.38866237 0.08308282 0.11246301 0.07662174
 0.38078204 0.1023949 ]
2021-11-30 11:09:50,635 - INFO - Attack result, first 2 samples: tensor([[0.2406, 0.8563, 0.6743, 0.0015, 0.7625, 0.9964, 0.2209, 0.1926, 0.5836,
         0.0323, 0.0023, 0.1888, 0.7127, 0.4185, 0.0035, 0.0159, 0.6597, 0.4446,
         0.0621, 0.9353],
        [0.2452, 0.8577, 0.6542, 0.0015, 0.7683, 0.9960, 0.2245, 0.1988, 0.5966,
         0.0353, 0.0024, 0.1894, 0.7019, 0.3831, 0.0036, 0.0162, 0.6626, 0.4123,
         0.0719, 0.9284]], grad_fn=<SliceBackward>)
2021-11-30 11:09:50,636 - INFO - Ground truth, first 2 samples: tensor([[4.4820e-03, 4.4527e-01, 6.4538e-01, 5.2019e-01, 1.2798e-01, 6.2504e-01,
         4.5482e-01, 1.2799e-01, 6.3355e-01, 1.5968e-01, 3.5191e-01, 3.4251e-04,
         7.2700e-01, 4.5635e-01, 1.2077e-03, 5.5260e-01, 1.2798e-01, 5.4515e-01,
         7.1854e-04, 3.7946e-01],
        [1.2797e-01, 4.2679e-01, 6.7599e-01, 5.4888e-01, 5.7835e-01, 4.8441e-01,
         4.3684e-01, 5.7877e-01, 6.6110e-01, 1.3065e-01, 2.7126e-01, 1.6412e-02,
         6.9495e-01, 4.0997e-01, 2.8094e-02, 5.2249e-01, 5.7831e-01, 5.5604e-01,
         2.0522e-02, 2.9672e-01]]):
2021-11-30 11:09:50,640 - CRITICAL - <<<<<<<<<<<<<<<<
2021-11-30 11:09:50,640 - CRITICAL - Model output loss: 0.10173843055963516
2021-11-30 11:09:50,640 - CRITICAL - Random guess loss: 0.1538340449333191
2021-11-30 11:09:50,640 - INFO - Model output loss PF: [4.41519991e-02 2.47997925e-01 6.56387885e-04 2.84643501e-01
 1.20758422e-01 2.89064407e-01 2.58484725e-02 1.53073937e-01
 2.20831111e-03 1.11043584e-02 1.18940741e-01 3.44448276e-02
 2.00109258e-02 9.49804322e-04 3.07074864e-04 2.61599481e-01
 7.88117945e-02 1.65413078e-02 2.17149686e-03 3.21483731e-01]
2021-11-30 11:09:50,640 - INFO - Random guess loss PF: [0.22782263 0.09075818 0.08233035 0.08192459 0.10761181 0.08974397
 0.11196219 0.17580666 0.09965051 0.22027205 0.10303041 0.33131817
 0.15009063 0.12090179 0.34495869 0.09972685 0.13213359 0.06778231
 0.3505708  0.08828472]
2021-11-30 11:09:50,641 - INFO - Attack result, first 2 samples: tensor([[0.2470, 0.8607, 0.6515, 0.0014, 0.7778, 0.9960, 0.2254, 0.2066, 0.6236,
         0.0383, 0.0020, 0.1925, 0.7309, 0.3469, 0.0035, 0.0149, 0.6736, 0.3918,
         0.0629, 0.9283],
        [0.2405, 0.8625, 0.6996, 0.0019, 0.7673, 0.9960, 0.2333, 0.2026, 0.6324,
         0.0408, 0.0024, 0.1963, 0.8069, 0.4867, 0.0048, 0.0144, 0.6721, 0.4158,
         0.0627, 0.9341]], grad_fn=<SliceBackward>)
2021-11-30 11:09:50,641 - INFO - Ground truth, first 2 samples: tensor([[0.0561, 0.4964, 0.6529, 0.5372, 0.9178, 0.4588, 0.5033, 0.9140, 0.6400,
         0.1124, 0.3900, 0.0199, 0.7413, 0.3687, 0.0331, 0.5021, 0.9178, 0.5512,
         0.0260, 0.4151],
        [0.0156, 0.4146, 0.6528, 0.5313, 0.7581, 0.5155, 0.4277, 0.7588, 0.6407,
         0.1204, 0.3402, 0.0056, 0.8712, 0.5686, 0.0192, 0.4953, 0.7581, 0.5453,
         0.0090, 0.3695]]):
2021-11-30 11:09:50,645 - CRITICAL - <<<<<<<<<<<<<<<<
2021-11-30 11:09:50,645 - CRITICAL - Model output loss: 0.10167495161294937
2021-11-30 11:09:50,645 - CRITICAL - Random guess loss: 0.1515757143497467
2021-11-30 11:09:50,645 - INFO - Model output loss PF: [4.21596169e-02 2.41466627e-01 8.38018954e-04 2.80301452e-01
 1.18890069e-01 2.91381806e-01 2.77265608e-02 1.55934185e-01
 1.92878465e-03 1.14951041e-02 1.09847307e-01 3.35672833e-02
 8.93681869e-03 1.36369921e-03 3.28678725e-04 2.76802421e-01
 7.84360394e-02 1.57282166e-02 2.42306408e-03 3.33943188e-01]
2021-11-30 11:09:50,645 - INFO - Random guess loss PF: [0.24773598 0.10260645 0.10308426 0.07737854 0.1286643  0.08557013
 0.10152493 0.13418192 0.09202653 0.2380735  0.11307983 0.26416132
 0.16246611 0.14087994 0.27363276 0.0898779  0.18322206 0.09772764
 0.2953102  0.10031004]
2021-11-30 11:09:50,646 - INFO - Attack result, first 2 samples: tensor([[0.2428, 0.8584, 0.6719, 0.0016, 0.7700, 0.9962, 0.2252, 0.1997, 0.6066,
         0.0408, 0.0023, 0.1941, 0.7454, 0.4253, 0.0040, 0.0152, 0.6655, 0.4113,
         0.0706, 0.9299],
        [0.2403, 0.8609, 0.6672, 0.0015, 0.7707, 0.9962, 0.2265, 0.2004, 0.5970,
         0.0354, 0.0022, 0.1956, 0.7106, 0.4068, 0.0035, 0.0166, 0.6672, 0.4148,
         0.0700, 0.9297]], grad_fn=<SliceBackward>)
2021-11-30 11:09:50,646 - INFO - Ground truth, first 2 samples: tensor([[0.0833, 0.4152, 0.6602, 0.5291, 0.6910, 0.4340, 0.4283, 0.6899, 0.6487,
         0.1306, 0.3563, 0.0172, 0.7487, 0.4821, 0.0284, 0.6484, 0.6911, 0.5429,
         0.0206, 0.3866],
        [0.0244, 0.3834, 0.6502, 0.5395, 0.5290, 0.4502, 0.3937, 0.5287, 0.6389,
         0.1280, 0.3622, 0.0045, 0.7235, 0.4514, 0.0091, 0.6315, 0.5289, 0.5454,
         0.0077, 0.3880]]):
2021-11-30 11:09:50,650 - CRITICAL - <<<<<<<<<<<<<<<<
2021-11-30 11:09:50,650 - CRITICAL - Model output loss: 0.10319221019744873
2021-11-30 11:09:50,650 - CRITICAL - Random guess loss: 0.15963706374168396
2021-11-30 11:09:50,650 - INFO - Model output loss PF: [0.0427599  0.25214693 0.00093804 0.28135592 0.1327603  0.28842503
 0.02674077 0.16584688 0.00233976 0.01053223 0.12387501 0.03415891
 0.01624117 0.00113601 0.00034582 0.26155141 0.09155872 0.01627856
 0.00197293 0.3128801 ]
2021-11-30 11:09:50,651 - INFO - Random guess loss PF: [0.31977707 0.11844143 0.09407832 0.08799901 0.14913729 0.09049368
 0.09546518 0.15774804 0.10662169 0.20195957 0.08821604 0.38847184
 0.14471124 0.12187952 0.26707736 0.0787905  0.15745318 0.08753274
 0.31954914 0.11733836]
2021-11-30 11:09:50,651 - INFO - Attack result, first 2 samples: tensor([[0.2376, 0.8542, 0.6332, 0.0016, 0.7641, 0.9955, 0.2261, 0.1983, 0.5778,
         0.0322, 0.0026, 0.1949, 0.5381, 0.3369, 0.0029, 0.0190, 0.6593, 0.4196,
         0.0742, 0.9289],
        [0.2421, 0.8602, 0.6486, 0.0016, 0.7686, 0.9966, 0.2224, 0.2008, 0.5946,
         0.0296, 0.0022, 0.1960, 0.5208, 0.3274, 0.0029, 0.0174, 0.6740, 0.4064,
         0.0675, 0.9311]], grad_fn=<SliceBackward>)
2021-11-30 11:09:50,652 - INFO - Ground truth, first 2 samples: tensor([[0.0562, 0.4137, 0.6222, 0.5304, 0.4040, 0.4384, 0.4247, 0.4072, 0.6104,
         0.1247, 0.2595, 0.0146, 0.5403, 0.3310, 0.0185, 0.4445, 0.4041, 0.5477,
         0.0154, 0.2853],
        [0.1112, 0.3344, 0.6651, 0.5459, 0.9486, 0.4722, 0.3473, 0.9550, 0.6515,
         0.1586, 0.2727, 0.0206, 0.4539, 0.3501, 0.0331, 0.5862, 0.9487, 0.5462,
         0.0257, 0.2996]]):
2021-11-30 11:09:50,655 - CRITICAL - <<<<<<<<<<<<<<<<
2021-11-30 11:09:50,655 - CRITICAL - Model output loss: 0.10229446738958359
2021-11-30 11:09:50,655 - CRITICAL - Random guess loss: 0.1560559868812561
2021-11-30 11:09:50,656 - INFO - Model output loss PF: [4.24897037e-02 2.35275209e-01 5.69850788e-04 2.92841107e-01
 1.27693176e-01 3.01427960e-01 2.84040011e-02 1.48142934e-01
 1.91945292e-03 1.02971951e-02 1.09595105e-01 3.39174643e-02
 5.42745553e-03 9.92240268e-04 2.94701342e-04 2.67660379e-01
 8.49087536e-02 1.56139527e-02 2.40260200e-03 3.36016238e-01]
2021-11-30 11:09:50,656 - INFO - Random guess loss PF: [0.31315345 0.08813114 0.0982936  0.08180796 0.10515574 0.06763231
 0.0906603  0.14860699 0.09791523 0.23577772 0.11388811 0.32063496
 0.12652268 0.12786716 0.33136767 0.08282521 0.12223318 0.08802839
 0.36551756 0.11510044]
2021-11-30 11:09:50,656 - INFO - Attack result, first 2 samples: tensor([[0.2363, 0.8513, 0.6515, 0.0013, 0.7690, 0.9962, 0.2174, 0.1936, 0.5680,
         0.0282, 0.0021, 0.1916, 0.5340, 0.3423, 0.0026, 0.0177, 0.6594, 0.4272,
         0.0663, 0.9365],
        [0.2507, 0.8654, 0.5987, 0.0022, 0.7707, 0.9977, 0.2186, 0.1962, 0.5672,
         0.0254, 0.0012, 0.2003, 0.5196, 0.1006, 0.0018, 0.0175, 0.6656, 0.4161,
         0.0161, 0.9349]], grad_fn=<SliceBackward>)
2021-11-30 11:09:50,657 - INFO - Ground truth, first 2 samples: tensor([[0.1207, 0.4066, 0.6154, 0.5398, 0.3130, 0.4356, 0.4161, 0.3156, 0.6037,
         0.1667, 0.3138, 0.0132, 0.5457, 0.3367, 0.0232, 0.6145, 0.3131, 0.5532,
         0.0154, 0.3381],
        [0.0576, 0.4427, 0.6072, 0.5341, 0.7132, 0.5253, 0.4526, 0.7085, 0.5965,
         0.1366, 0.3372, 0.0179, 0.4278, 0.0613, 0.0262, 0.5454, 0.7132, 0.5435,
         0.0211, 0.3609]]):
2021-11-30 11:09:50,660 - CRITICAL - <<<<<<<<<<<<<<<<
2021-11-30 11:09:50,660 - CRITICAL - Model output loss: 0.10511763393878937
2021-11-30 11:09:50,660 - CRITICAL - Random guess loss: 0.1585489958524704
2021-11-30 11:09:50,661 - INFO - Model output loss PF: [0.04061186 0.25504795 0.00055281 0.28410095 0.13241765 0.30423224
 0.02406799 0.18488002 0.00208887 0.01116822 0.1137501  0.0332837
 0.00726403 0.0010246  0.00037046 0.26364115 0.09511822 0.01608027
 0.00224596 0.33040577]
2021-11-30 11:09:50,661 - INFO - Random guess loss PF: [0.31140399 0.11866676 0.09651887 0.09185998 0.12554213 0.08091184
 0.10757163 0.1482417  0.08205279 0.24518751 0.09577407 0.32447672
 0.14574426 0.13207474 0.2951636  0.07291514 0.16188182 0.0898597
 0.34833005 0.09680266]
2021-11-30 11:09:50,661 - INFO - Attack result, first 2 samples: tensor([[0.2390, 0.8594, 0.6541, 0.0014, 0.7654, 0.9962, 0.2243, 0.1948, 0.5851,
         0.0319, 0.0021, 0.1929, 0.7161, 0.3389, 0.0031, 0.0164, 0.6633, 0.4420,
         0.0580, 0.9319],
        [0.2377, 0.8588, 0.6413, 0.0016, 0.7711, 0.9964, 0.2199, 0.2018, 0.5886,
         0.0273, 0.0020, 0.1939, 0.5277, 0.3337, 0.0026, 0.0173, 0.6703, 0.4030,
         0.0673, 0.9304]], grad_fn=<SliceBackward>)
2021-11-30 11:09:50,662 - INFO - Ground truth, first 2 samples: tensor([[0.0109, 0.3931, 0.6379, 0.5766, 0.2369, 0.4316, 0.4044, 0.2385, 0.6264,
         0.1242, 0.3490, 0.0033, 0.7423, 0.3309, 0.0096, 0.6002, 0.2369, 0.5439,
         0.0082, 0.3738],
        [0.0726, 0.3148, 0.6591, 0.5005, 0.9393, 0.4703, 0.3253, 0.9486, 0.6470,
         0.1328, 0.2522, 0.0206, 0.5020, 0.3482, 0.0315, 0.5434, 0.9392, 0.5454,
         0.0250, 0.2796]]):
2021-11-30 11:09:51,168 - CRITICAL - ------------------ SUMMARY ------------------
2021-11-30 11:09:51,168 - CRITICAL - Mean generator loss: 0.10269829923989343
2021-11-30 11:09:51,168 - CRITICAL - Mean random guess loss: 0.15805383295309347
2021-11-30 11:09:51,168 - CRITICAL - Mean generator loss Per Feature: [0.04315894 0.24491728 0.00066961 0.28336732 0.12440742 0.29597019
 0.02671683 0.16444263 0.00210004 0.01089181 0.11416289 0.0340922
 0.00963484 0.00103076 0.0003434  0.26717568 0.0846757  0.01601895
 0.00234787 0.32784162]
2021-11-30 11:09:51,169 - CRITICAL - Mean random guess loss Per Feature: [0.29942502 0.10219768 0.1055991  0.08453229 0.1490469  0.08804029
 0.10011399 0.14809947 0.10117714 0.21554843 0.11476577 0.32202728
 0.14365393 0.11662316 0.31595312 0.08544607 0.15083391 0.08487091
 0.32895795 0.10416429]
2021-11-30 11:09:51,170 - CRITICAL - 6m 35s (- 59m 22s) (10%)
2021-11-30 11:09:51,170 - CRITICAL - 

<----------------- Running count: 2 / 10 ----------------->


2021-11-30 11:09:54,290 - CRITICAL - Dataset column permutation is: 
 tensor([ 2, 32, 24,  6, 47, 46, 31, 39, 20,  9, 45, 18, 17, 23, 36,  5, 33, 27,
        35, 22, 19, 21,  7, 28, 29, 43, 26,  3,  1, 16,  8, 34, 10,  0, 40, 41,
        42, 44, 25, 14, 13, 37, 38, 11, 15, 12,  4, 30])
2021-11-30 11:09:54,313 - CRITICAL - Creating dataset, len(samples): 58509; positive labels sum: 53190
2021-11-30 11:09:54,324 - CRITICAL - For dataset /home/yinbo/Desktop/comp6130/final project/final project/featureinference-vfl-master/datasets/drive_cleaned.csv, dataset length: 58509
2021-11-30 11:09:54,324 - CRITICAL - 
[FUNCTION]: Splitting dataset by getSplittedDataset()......
2021-11-30 11:09:54,324 - INFO - Display first (x, y) pair of dataset:
 tensor([7.2105e-01, 3.6990e-01, 3.5851e-01, 8.2103e-01, 1.1781e-01, 1.2688e-01,
        3.6554e-01, 7.3337e-05, 6.2769e-02, 3.2505e-01, 1.1835e-01, 6.2715e-02,
        4.7071e-03, 6.2405e-02, 6.0996e-05, 7.7792e-01, 6.2594e-01, 3.9434e-01,
        6.3767e-01, 6.2368e-02, 6.2719e-02, 6.2360e-02, 8.1753e-01, 5.2852e-01,
        5.0881e-01, 4.2939e-01, 4.1320e-01, 8.9780e-01, 5.4556e-01, 9.0313e-04,
        8.1294e-01, 6.3140e-01, 3.2502e-01, 7.0346e-01, 3.9992e-03, 5.1032e-02,
        4.3299e-01, 4.0469e-01, 5.0865e-01, 2.3714e-03, 8.5679e-04, 1.5917e-02,
        2.0749e-02, 3.2505e-01, 1.1571e-04, 1.3157e-04, 9.1003e-01, 3.5808e-01]), tensor(0.)
2021-11-30 11:09:54,325 - INFO - Shape of (x, y): torch.Size([48]) torch.Size([])
2021-11-30 11:09:54,327 - CRITICAL - len(trainset): 35105
2021-11-30 11:09:54,328 - CRITICAL - len(testset): 11701
2021-11-30 11:09:54,328 - CRITICAL - len(predictset): 11703
2021-11-30 11:09:54,330 - INFO - len(trainloader): 549
2021-11-30 11:09:54,330 - INFO - len(testloader): 183
2021-11-30 11:09:54,330 - INFO - len(predictloader): 183
2021-11-30 11:09:54,330 - CRITICAL - 
[FUNCTION]: Creating GlobalClassifierTrainer......
2021-11-30 11:09:54,330 - CRITICAL - Creating a model for type RF
2021-11-30 11:09:54,330 - CRITICAL - Creating RandomForest, with n_estimators=100, max_depth=3
2021-11-30 11:09:54,334 - INFO - Structure of Fake Random Forest: FakeRandomForest(
  (dense): Sequential(
    (0): Linear(in_features=48, out_features=2000, bias=True)
    (1): Dropout(p=0.5, inplace=False)
    (2): ReLU()
    (3): Linear(in_features=2000, out_features=200, bias=True)
    (4): Dropout(p=0.5, inplace=False)
    (5): ReLU()
    (6): Linear(in_features=200, out_features=11, bias=True)
    (7): Sigmoid()
  )
)
2021-11-30 11:09:54,334 - INFO - Structure of Global Classifier: RandomForestClassifier(max_depth=3, random_state=0)
2021-11-30 11:09:54,336 - CRITICAL - 
[FUNCTION]: Creating GeneratorTrainer......
2021-11-30 11:09:54,336 - CRITICAL - Creating a generator
2021-11-30 11:09:54,338 - INFO - Structure of Generator: Generator(
  (net): Sequential(
    (0): Linear(in_features=48, out_features=600, bias=True)
    (1): LayerNorm((600,), eps=1e-05, elementwise_affine=True)
    (2): ReLU()
    (3): Linear(in_features=600, out_features=200, bias=True)
    (4): LayerNorm((200,), eps=1e-05, elementwise_affine=True)
    (5): ReLU()
    (6): Linear(in_features=200, out_features=100, bias=True)
    (7): LayerNorm((100,), eps=1e-05, elementwise_affine=True)
    (8): ReLU()
    (9): Linear(in_features=100, out_features=20, bias=True)
    (10): Sigmoid()
  )
)
2021-11-30 11:09:54,338 - CRITICAL - 
[FUNCTION]: Training global classifier RF......
2021-11-30 11:09:59,634 - CRITICAL - After training Random Forest, train accur is 0.7731377296681384, test accur is 0.7670284591060593.
2021-11-30 11:10:05,372 - CRITICAL - Creating FakeDataset (torch.Size([585090, 48]), torch.Size([585090, 11]))
2021-11-30 11:10:05,376 - CRITICAL - 
[FUNCTION]: Imitating Random Forest......
2021-11-30 11:10:56,742 - CRITICAL - In epoch 0, train loss is 0.0007746342453174293, test loss is 0.000560946820769459.
2021-11-30 11:11:51,189 - CRITICAL - In epoch 1, train loss is 0.0006304490962065756, test loss is 0.00039932929212227464.
2021-11-30 11:12:45,868 - CRITICAL - In epoch 2, train loss is 0.0005163385067135096, test loss is 0.000336004450218752.
2021-11-30 11:13:41,093 - CRITICAL - In epoch 3, train loss is 0.0004631788469851017, test loss is 0.0002960079291369766.
2021-11-30 11:14:39,248 - CRITICAL - In epoch 4, train loss is 0.00045825354754924774, test loss is 0.0002837024803739041.
2021-11-30 11:14:39,254 - CRITICAL - 
[FUNCTION]: Training Generator......
2021-11-30 11:14:39,254 - CRITICAL - Enable Attacker Features
2021-11-30 11:14:39,254 - CRITICAL - Disable Mean Constraint
2021-11-30 11:14:39,254 - CRITICAL - parameters['unknownVarLambda'] = 0.25
2021-11-30 11:14:39,254 - CRITICAL - Disable Confidence Rounding
2021-11-30 11:14:39,254 - CRITICAL - parameters['roundPrecision'] = 1
2021-11-30 11:14:41,188 - INFO - >>>>>>>>>>>>>>>>>
2021-11-30 11:14:41,189 - CRITICAL - In epoch 0, loss is tensor(0.9631)
2021-11-30 11:14:41,190 - INFO - L2 norm of yhat: tensor(230.4002, grad_fn=<SumBackward0>)
2021-11-30 11:14:41,191 - INFO - L2 norm of original vector: tensor(189.2474)
2021-11-30 11:14:41,191 - INFO - First two lines of yhat: tensor([[0.7482, 0.2529, 0.7332, 0.4622, 0.3192, 0.1348, 0.6824, 0.2024, 0.3159,
         0.2253, 0.3534, 0.2483, 0.2324, 0.7905, 0.1960, 0.4945, 0.1055, 0.3217,
         0.8806, 0.3906],
        [0.7478, 0.2777, 0.7013, 0.4150, 0.2659, 0.1624, 0.6721, 0.1917, 0.3117,
         0.2148, 0.3114, 0.2105, 0.2717, 0.7575, 0.1391, 0.4492, 0.1075, 0.3413,
         0.8595, 0.4658]], grad_fn=<SliceBackward>)
2021-11-30 11:15:04,320 - INFO - >>>>>>>>>>>>>>>>>
2021-11-30 11:15:04,321 - CRITICAL - In epoch 12, loss is tensor(0.0540)
2021-11-30 11:15:04,321 - INFO - L2 norm of yhat: tensor(262.8447, grad_fn=<SumBackward0>)
2021-11-30 11:15:04,322 - INFO - L2 norm of original vector: tensor(189.6987)
2021-11-30 11:15:04,322 - INFO - First two lines of yhat: tensor([[0.9451, 0.0690, 0.5886, 0.8011, 0.3306, 0.4456, 0.2420, 0.0225, 0.3743,
         0.0660, 0.1685, 0.0370, 0.0220, 0.5770, 0.5021, 0.3385, 0.0474, 0.8329,
         0.8874, 0.0821],
        [0.9474, 0.0652, 0.5476, 0.8009, 0.3483, 0.4723, 0.2473, 0.0212, 0.3524,
         0.0721, 0.1538, 0.0356, 0.0226, 0.5636, 0.5312, 0.3527, 0.0525, 0.8497,
         0.8856, 0.0849]], grad_fn=<SliceBackward>)
2021-11-30 11:15:28,000 - INFO - >>>>>>>>>>>>>>>>>
2021-11-30 11:15:28,001 - CRITICAL - In epoch 24, loss is tensor(0.0299)
2021-11-30 11:15:28,002 - INFO - L2 norm of yhat: tensor(247.2578, grad_fn=<SumBackward0>)
2021-11-30 11:15:28,002 - INFO - L2 norm of original vector: tensor(185.9206)
2021-11-30 11:15:28,003 - INFO - First two lines of yhat: tensor([[0.9729, 0.0439, 0.6406, 0.7298, 0.3857, 0.7331, 0.4051, 0.0109, 0.2411,
         0.0774, 0.0745, 0.0109, 0.0083, 0.2014, 0.4660, 0.3950, 0.0439, 0.7229,
         0.9147, 0.0294],
        [0.9701, 0.0375, 0.6743, 0.6870, 0.3389, 0.7326, 0.4300, 0.0112, 0.2332,
         0.0683, 0.0699, 0.0128, 0.0073, 0.2013, 0.4537, 0.3250, 0.0415, 0.7232,
         0.9154, 0.0297]], grad_fn=<SliceBackward>)
2021-11-30 11:15:51,329 - INFO - >>>>>>>>>>>>>>>>>
2021-11-30 11:15:51,329 - CRITICAL - In epoch 36, loss is tensor(0.0206)
2021-11-30 11:15:51,330 - INFO - L2 norm of yhat: tensor(244.8076, grad_fn=<SumBackward0>)
2021-11-30 11:15:51,330 - INFO - L2 norm of original vector: tensor(188.9763)
2021-11-30 11:15:51,330 - INFO - First two lines of yhat: tensor([[0.9656, 0.0211, 0.6701, 0.6527, 0.3360, 0.8650, 0.6430, 0.0065, 0.1919,
         0.0585, 0.0341, 0.0054, 0.0036, 0.1453, 0.2927, 0.3531, 0.0347, 0.4886,
         0.9403, 0.0240],
        [0.9655, 0.0251, 0.6894, 0.6595, 0.3065, 0.8520, 0.6386, 0.0069, 0.1824,
         0.0589, 0.0338, 0.0051, 0.0037, 0.1494, 0.2987, 0.3186, 0.0317, 0.4824,
         0.9412, 0.0261]], grad_fn=<SliceBackward>)
2021-11-30 11:16:12,989 - INFO - >>>>>>>>>>>>>>>>>
2021-11-30 11:16:12,989 - CRITICAL - In epoch 48, loss is tensor(0.0174)
2021-11-30 11:16:12,990 - INFO - L2 norm of yhat: tensor(247.5944, grad_fn=<SumBackward0>)
2021-11-30 11:16:12,991 - INFO - L2 norm of original vector: tensor(190.5036)
2021-11-30 11:16:12,991 - INFO - First two lines of yhat: tensor([[0.9540, 0.0135, 0.5210, 0.5504, 0.0956, 0.8543, 0.7025, 0.0022, 0.1232,
         0.0361, 0.0175, 0.0015, 0.0011, 0.2204, 0.1749, 0.0783, 0.0104, 0.4056,
         0.9749, 0.0255],
        [0.9467, 0.0192, 0.7059, 0.6331, 0.4661, 0.9065, 0.6842, 0.0034, 0.1171,
         0.0643, 0.0249, 0.0024, 0.0018, 0.2024, 0.1852, 0.4934, 0.0376, 0.4317,
         0.9453, 0.0146]], grad_fn=<SliceBackward>)
2021-11-30 11:16:33,211 - INFO - >>>>>>>>>>>>>>>>>
2021-11-30 11:16:33,212 - CRITICAL - In epoch 59, loss is tensor(0.0158)
2021-11-30 11:16:33,212 - INFO - L2 norm of yhat: tensor(245.9420, grad_fn=<SumBackward0>)
2021-11-30 11:16:33,213 - INFO - L2 norm of original vector: tensor(188.1116)
2021-11-30 11:16:33,213 - INFO - First two lines of yhat: tensor([[9.1276e-01, 1.2758e-02, 6.4400e-01, 6.1778e-01, 3.8027e-01, 9.2228e-01,
         6.7022e-01, 1.8895e-03, 9.3340e-02, 5.8763e-02, 1.7851e-02, 1.2458e-03,
         8.2646e-04, 3.5727e-01, 1.4916e-01, 4.0898e-01, 3.4158e-02, 3.8249e-01,
         9.6130e-01, 9.7969e-03],
        [9.1990e-01, 1.6567e-02, 8.2359e-01, 6.3898e-01, 5.4213e-01, 9.1368e-01,
         6.6633e-01, 2.4991e-03, 8.7034e-02, 5.4614e-02, 1.7960e-02, 1.8532e-03,
         1.5024e-03, 3.5723e-01, 1.4541e-01, 5.5333e-01, 3.4341e-02, 3.9490e-01,
         9.5594e-01, 9.3192e-03]], grad_fn=<SliceBackward>)
2021-11-30 11:16:33,214 - CRITICAL - 
[FUNCTION]: Testing Generator......
2021-11-30 11:16:33,214 - CRITICAL - Enable Attacker Features
2021-11-30 11:16:33,214 - CRITICAL - Disable Mean Constraint
2021-11-30 11:16:33,218 - CRITICAL - <<<<<<<<<<<<<<<<
2021-11-30 11:16:33,218 - CRITICAL - Model output loss: 0.0719759464263916
2021-11-30 11:16:33,218 - CRITICAL - Random guess loss: 0.2120465338230133
2021-11-30 11:16:33,218 - INFO - Model output loss PF: [1.39367938e-01 7.40904943e-05 5.82913961e-03 9.49409674e-04
 2.75013852e-04 4.58154827e-02 4.38703686e-01 4.11154050e-03
 7.61470422e-02 8.14781189e-02 2.35825658e-01 1.01146218e-03
 3.68864276e-04 1.15178622e-01 1.40319420e-02 5.13498788e-04
 5.06456243e-04 1.45518839e-01 2.82106153e-03 1.30990952e-01]
2021-11-30 11:16:33,219 - INFO - Random guess loss PF: [0.10437781 0.27787837 0.18529375 0.11827049 0.11291114 0.11284626
 0.34079143 0.28520951 0.09968524 0.14720188 0.08644474 0.30555969
 0.31765336 0.28843161 0.35122597 0.08556625 0.32351932 0.29242551
 0.30607542 0.09956256]
2021-11-30 11:16:33,219 - INFO - Attack result, first 2 samples: tensor([[9.1684e-01, 1.4136e-02, 7.3240e-01, 6.2953e-01, 4.0782e-01, 9.2031e-01,
         6.6716e-01, 1.8358e-03, 9.1023e-02, 5.3328e-02, 1.6664e-02, 1.3254e-03,
         9.2011e-04, 3.5214e-01, 1.4513e-01, 4.3708e-01, 3.2675e-02, 3.9454e-01,
         9.6196e-01, 9.0440e-03],
        [9.1565e-01, 1.3977e-02, 5.7543e-01, 6.2324e-01, 3.2713e-01, 9.2223e-01,
         6.6610e-01, 1.6013e-03, 9.4110e-02, 6.2306e-02, 1.7555e-02, 1.0268e-03,
         7.0564e-04, 3.5914e-01, 1.4949e-01, 3.5074e-01, 3.2256e-02, 3.9791e-01,
         9.6509e-01, 1.0865e-02]], grad_fn=<SliceBackward>)
2021-11-30 11:16:33,220 - INFO - Ground truth, first 2 samples: tensor([[5.4049e-01, 1.6084e-02, 7.6847e-01, 6.4327e-01, 4.1398e-01, 7.0355e-01,
         2.7147e-04, 1.9740e-02, 3.0486e-01, 2.8592e-01, 4.9487e-01, 3.7120e-02,
         2.2110e-02, 1.2076e-02, 3.5980e-02, 4.1409e-01, 1.3615e-02, 1.0639e-02,
         9.0639e-01, 4.0305e-01],
        [5.4950e-01, 1.6076e-02, 5.6165e-01, 6.4421e-01, 3.4089e-01, 7.0327e-01,
         1.7377e-03, 6.9210e-02, 3.2253e-01, 3.0352e-01, 5.1464e-01, 3.2740e-02,
         2.1475e-02, 1.2369e-02, 9.6410e-03, 3.4057e-01, 1.3089e-02, 1.0503e-02,
         9.1322e-01, 4.2188e-01]]):
2021-11-30 11:16:33,224 - CRITICAL - <<<<<<<<<<<<<<<<
2021-11-30 11:16:33,225 - CRITICAL - Model output loss: 0.07119660079479218
2021-11-30 11:16:33,225 - CRITICAL - Random guess loss: 0.20705358684062958
2021-11-30 11:16:33,225 - INFO - Model output loss PF: [1.39208943e-01 8.22346483e-05 6.74096402e-03 1.30184111e-03
 2.38471039e-04 4.52072360e-02 4.34560478e-01 3.61483893e-03
 7.54905045e-02 8.26483294e-02 2.29099125e-01 9.68162378e-04
 3.24287859e-04 1.13762058e-01 1.31209372e-02 5.68752410e-04
 5.19800233e-04 1.46688744e-01 2.86320131e-03 1.26923189e-01]
2021-11-30 11:16:33,225 - INFO - Random guess loss PF: [0.09873642 0.30222243 0.18775043 0.08161283 0.08386385 0.08434936
 0.34896025 0.26621261 0.1243256  0.1135973  0.0851999  0.30500147
 0.29189861 0.30275464 0.3000975  0.14379461 0.38689539 0.29874426
 0.21538176 0.11967251]
2021-11-30 11:16:33,226 - INFO - Attack result, first 2 samples: tensor([[9.1550e-01, 1.2797e-02, 7.3693e-01, 6.2809e-01, 4.0358e-01, 9.2013e-01,
         6.6424e-01, 1.7755e-03, 9.1748e-02, 5.2418e-02, 1.6214e-02, 1.2419e-03,
         8.2610e-04, 3.6346e-01, 1.4367e-01, 4.2561e-01, 3.0876e-02, 3.9352e-01,
         9.6187e-01, 9.0774e-03],
        [9.2018e-01, 1.2157e-02, 6.8078e-01, 6.2789e-01, 3.2091e-01, 9.2252e-01,
         6.7032e-01, 1.7635e-03, 8.7934e-02, 5.3966e-02, 1.4136e-02, 9.5681e-04,
         7.4396e-04, 3.5255e-01, 1.4474e-01, 3.3204e-01, 2.9011e-02, 3.9640e-01,
         9.6168e-01, 9.9868e-03]], grad_fn=<SliceBackward>)
2021-11-30 11:16:33,226 - INFO - Ground truth, first 2 samples: tensor([[0.5453, 0.0113, 0.7794, 0.6421, 0.3850, 0.7031, 0.0325, 0.0685, 0.3726,
         0.3446, 0.5031, 0.0161, 0.0084, 0.0098, 0.0364, 0.3849, 0.0046, 0.0039,
         0.9061, 0.3786],
        [0.5438, 0.0233, 0.7178, 0.6086, 0.3123, 0.7034, 0.0018, 0.0811, 0.3063,
         0.2771, 0.4894, 0.0683, 0.0330, 0.0104, 0.0586, 0.3118, 0.0208, 0.0168,
         0.9072, 0.4161]]):
2021-11-30 11:16:33,231 - CRITICAL - <<<<<<<<<<<<<<<<
2021-11-30 11:16:33,231 - CRITICAL - Model output loss: 0.07213344424962997
2021-11-30 11:16:33,231 - CRITICAL - Random guess loss: 0.20459480583667755
2021-11-30 11:16:33,231 - INFO - Model output loss PF: [1.40833393e-01 7.09824817e-05 1.42598040e-02 1.42274634e-03
 3.36488360e-04 4.32843566e-02 4.40663189e-01 2.90687475e-03
 7.82590657e-02 8.68642777e-02 2.29733422e-01 8.75468191e-04
 3.52347182e-04 1.15179338e-01 1.38573255e-02 4.60407871e-04
 4.69499151e-04 1.45671338e-01 3.20658553e-03 1.23961970e-01]
2021-11-30 11:16:33,231 - INFO - Random guess loss PF: [0.08232503 0.30434254 0.13855942 0.10957116 0.12653972 0.14028981
 0.32040051 0.28299332 0.09920161 0.11186215 0.09106284 0.38323054
 0.24750721 0.32871646 0.27396902 0.12805951 0.2765756  0.24928668
 0.27284911 0.12455372]
2021-11-30 11:16:33,232 - INFO - Attack result, first 2 samples: tensor([[9.2472e-01, 1.3256e-02, 7.3728e-01, 6.4612e-01, 4.1186e-01, 9.1905e-01,
         6.6542e-01, 1.8075e-03, 9.1321e-02, 5.0610e-02, 1.5544e-02, 1.2789e-03,
         8.9118e-04, 3.6095e-01, 1.4742e-01, 4.4881e-01, 2.7937e-02, 3.9388e-01,
         9.6130e-01, 8.7583e-03],
        [9.2243e-01, 1.3534e-02, 7.1688e-01, 6.2551e-01, 4.1253e-01, 9.2280e-01,
         6.6975e-01, 1.6800e-03, 9.1449e-02, 5.1937e-02, 1.6374e-02, 1.1586e-03,
         8.4571e-04, 3.5252e-01, 1.4259e-01, 4.4839e-01, 3.1745e-02, 3.9137e-01,
         9.6241e-01, 8.8669e-03]], grad_fn=<SliceBackward>)
2021-11-30 11:16:33,232 - INFO - Ground truth, first 2 samples: tensor([[0.5442, 0.0088, 0.7919, 0.6403, 0.4185, 0.7033, 0.0051, 0.0483, 0.3520,
         0.3255, 0.4785, 0.0154, 0.0147, 0.1102, 0.0116, 0.4186, 0.0066, 0.0049,
         0.9110, 0.3864],
        [0.5376, 0.0150, 0.7637, 0.6574, 0.4203, 0.7034, 0.0014, 0.0146, 0.3918,
         0.3636, 0.4709, 0.0320, 0.0221, 0.0123, 0.0153, 0.4205, 0.0147, 0.0119,
         0.9125, 0.2984]]):
2021-11-30 11:16:33,236 - CRITICAL - <<<<<<<<<<<<<<<<
2021-11-30 11:16:33,237 - CRITICAL - Model output loss: 0.07138019800186157
2021-11-30 11:16:33,237 - CRITICAL - Random guess loss: 0.21405979990959167
2021-11-30 11:16:33,237 - INFO - Model output loss PF: [1.40648723e-01 8.16572647e-05 1.27832079e-02 1.42906187e-03
 2.36013846e-04 4.42627035e-02 4.37262028e-01 3.79893603e-03
 7.29310960e-02 7.99555331e-02 2.32617795e-01 1.14559266e-03
 4.20495402e-04 1.10430345e-01 1.33682881e-02 3.85665044e-04
 4.92251071e-04 1.45522594e-01 3.02043813e-03 1.26811549e-01]
2021-11-30 11:16:33,237 - INFO - Random guess loss PF: [0.08081238 0.314365   0.12781009 0.10101998 0.15775743 0.14170891
 0.32918286 0.30378866 0.09825012 0.14107877 0.08764878 0.32582769
 0.37338248 0.26357415 0.29941481 0.12974724 0.34555843 0.33197859
 0.23909809 0.08919145]
2021-11-30 11:16:33,237 - INFO - Attack result, first 2 samples: tensor([[9.1849e-01, 1.3817e-02, 7.3787e-01, 6.3394e-01, 3.7887e-01, 9.1794e-01,
         6.7063e-01, 1.7788e-03, 9.2345e-02, 5.3305e-02, 1.4087e-02, 1.3126e-03,
         9.7669e-04, 3.5954e-01, 1.4629e-01, 3.9836e-01, 2.9857e-02, 3.8712e-01,
         9.6342e-01, 8.7307e-03],
        [9.1482e-01, 1.4248e-02, 5.4669e-01, 6.1183e-01, 3.3893e-01, 9.2382e-01,
         6.6988e-01, 1.7659e-03, 9.2884e-02, 6.8172e-02, 1.9949e-02, 9.9751e-04,
         7.4911e-04, 3.6063e-01, 1.4608e-01, 3.6098e-01, 3.4878e-02, 3.9303e-01,
         9.6292e-01, 1.2097e-02]], grad_fn=<SliceBackward>)
2021-11-30 11:16:33,238 - INFO - Ground truth, first 2 samples: tensor([[0.5449, 0.0085, 0.8060, 0.6439, 0.3827, 0.7033, 0.0178, 0.0557, 0.3594,
         0.3328, 0.5157, 0.0122, 0.0101, 0.0423, 0.0213, 0.3826, 0.0047, 0.0037,
         0.9096, 0.3967],
        [0.5451, 0.0168, 0.5664, 0.6470, 0.3433, 0.7040, 0.0042, 0.0303, 0.3579,
         0.3314, 0.4833, 0.0213, 0.0193, 0.0093, 0.0112, 0.3435, 0.0131, 0.0105,
         0.9174, 0.4457]]):
2021-11-30 11:16:33,242 - CRITICAL - <<<<<<<<<<<<<<<<
2021-11-30 11:16:33,242 - CRITICAL - Model output loss: 0.07160371541976929
2021-11-30 11:16:33,243 - CRITICAL - Random guess loss: 0.20845572650432587
2021-11-30 11:16:33,243 - INFO - Model output loss PF: [1.38860285e-01 8.23025039e-05 4.88062296e-03 1.00652990e-03
 2.66802148e-04 4.56357487e-02 4.38170791e-01 3.11283860e-03
 7.25408122e-02 7.77321905e-02 2.37041116e-01 1.29671476e-03
 4.37009265e-04 1.13925688e-01 1.38822421e-02 3.54169606e-04
 5.37177606e-04 1.45962507e-01 2.78246053e-03 1.33566290e-01]
2021-11-30 11:16:33,243 - INFO - Random guess loss PF: [0.07532626 0.37010312 0.14205357 0.1409815  0.1006753  0.13004938
 0.33163655 0.30860591 0.11370701 0.11394659 0.07380389 0.26477784
 0.34362456 0.23605129 0.41504744 0.13917825 0.27178714 0.22437318
 0.24780297 0.12558275]
2021-11-30 11:16:33,243 - INFO - Attack result, first 2 samples: tensor([[0.9213, 0.0136, 0.6929, 0.6322, 0.4169, 0.9201, 0.6695, 0.0019, 0.0932,
         0.0571, 0.0170, 0.0013, 0.0010, 0.3581, 0.1447, 0.4435, 0.0333, 0.3911,
         0.9611, 0.0090],
        [0.9190, 0.0174, 0.8432, 0.6579, 0.5783, 0.9127, 0.6604, 0.0025, 0.0906,
         0.0548, 0.0172, 0.0022, 0.0014, 0.3621, 0.1510, 0.5550, 0.0358, 0.4018,
         0.9531, 0.0094]], grad_fn=<SliceBackward>)
2021-11-30 11:16:33,244 - INFO - Ground truth, first 2 samples: tensor([[5.4443e-01, 9.0798e-03, 7.3913e-01, 6.3918e-01, 4.1534e-01, 7.0342e-01,
         3.4989e-02, 4.2199e-02, 4.0648e-01, 3.7830e-01, 5.1369e-01, 1.8796e-02,
         1.1932e-02, 3.5738e-02, 1.1034e-01, 4.1540e-01, 4.2279e-03, 3.8534e-03,
         9.0883e-01, 3.6855e-01],
        [5.4441e-01, 7.2009e-04, 9.3775e-01, 6.3838e-01, 5.7593e-01, 7.0360e-01,
         3.3277e-03, 4.4622e-02, 4.1532e-01, 3.8710e-01, 4.6000e-01, 2.3725e-03,
         1.8345e-03, 5.4526e-02, 7.7924e-02, 5.7587e-01, 3.2835e-04, 2.2059e-04,
         9.0960e-01, 4.0527e-01]]):
2021-11-30 11:16:33,248 - CRITICAL - <<<<<<<<<<<<<<<<
2021-11-30 11:16:33,248 - CRITICAL - Model output loss: 0.07132308185100555
2021-11-30 11:16:33,248 - CRITICAL - Random guess loss: 0.21439838409423828
2021-11-30 11:16:33,249 - INFO - Model output loss PF: [1.39712915e-01 7.16409268e-05 8.78368691e-03 1.02528289e-03
 2.93942547e-04 4.58594449e-02 4.35492456e-01 5.92942582e-03
 7.38071650e-02 8.00782889e-02 2.31284916e-01 1.29549415e-03
 3.61419196e-04 1.13843784e-01 1.35348961e-02 3.52695235e-04
 5.47703181e-04 1.46556139e-01 2.83458247e-03 1.24795750e-01]
2021-11-30 11:16:33,249 - INFO - Random guess loss PF: [0.08451307 0.33822712 0.15031108 0.10480991 0.13735351 0.15246567
 0.33970714 0.31355336 0.09909151 0.12143341 0.07996892 0.31031859
 0.32604381 0.31409436 0.28974983 0.1288591  0.315034   0.32131907
 0.27851805 0.08259588]
2021-11-30 11:16:33,249 - INFO - Attack result, first 2 samples: tensor([[9.2094e-01, 1.3384e-02, 6.9129e-01, 6.2812e-01, 4.0239e-01, 9.2402e-01,
         6.7071e-01, 1.6712e-03, 8.7403e-02, 5.5282e-02, 1.6649e-02, 1.0236e-03,
         7.7927e-04, 3.5747e-01, 1.4510e-01, 4.3504e-01, 3.2141e-02, 3.9327e-01,
         9.6006e-01, 9.2593e-03],
        [9.2025e-01, 1.5332e-02, 6.7514e-01, 6.2633e-01, 4.4894e-01, 9.1986e-01,
         6.6424e-01, 1.7904e-03, 9.4810e-02, 5.8826e-02, 1.9720e-02, 1.3118e-03,
         1.0295e-03, 3.5987e-01, 1.4369e-01, 4.8202e-01, 3.3204e-02, 3.9751e-01,
         9.6118e-01, 9.5319e-03]], grad_fn=<SliceBackward>)
2021-11-30 11:16:33,250 - INFO - Ground truth, first 2 samples: tensor([[0.5438, 0.0243, 0.7361, 0.6574, 0.4113, 0.7026, 0.0027, 0.0258, 0.3490,
         0.3196, 0.5138, 0.1001, 0.0352, 0.0332, 0.0653, 0.4113, 0.0203, 0.0167,
         0.9083, 0.2803],
        [0.5448, 0.0162, 0.6929, 0.6727, 0.4655, 0.7033, 0.0024, 0.0147, 0.3579,
         0.3284, 0.5010, 0.0298, 0.0186, 0.0024, 0.0088, 0.4659, 0.0142, 0.0113,
         0.9049, 0.2924]]):
2021-11-30 11:16:33,254 - CRITICAL - <<<<<<<<<<<<<<<<
2021-11-30 11:16:33,254 - CRITICAL - Model output loss: 0.07183215022087097
2021-11-30 11:16:33,254 - CRITICAL - Random guess loss: 0.21173834800720215
2021-11-30 11:16:33,254 - INFO - Model output loss PF: [1.40248790e-01 1.01126017e-04 1.00560738e-02 1.13601610e-03
 2.74154474e-04 4.46994528e-02 4.36487556e-01 8.75212904e-03
 7.76829720e-02 8.40989202e-02 2.31787577e-01 8.76551436e-04
 3.41002829e-04 1.09128639e-01 1.37977274e-02 5.20794652e-04
 5.30813297e-04 1.45734638e-01 3.01247882e-03 1.27375662e-01]
2021-11-30 11:16:33,254 - INFO - Random guess loss PF: [0.09435088 0.29749691 0.16744606 0.11188757 0.08959799 0.13551195
 0.34247997 0.26943445 0.09985709 0.12212153 0.0815992  0.31302992
 0.36966655 0.33298615 0.2878437  0.11019376 0.33513346 0.31371352
 0.26511142 0.09530493]
2021-11-30 11:16:33,255 - INFO - Attack result, first 2 samples: tensor([[9.1681e-01, 1.2520e-02, 7.1780e-01, 6.2851e-01, 3.9602e-01, 9.2570e-01,
         6.7363e-01, 1.4935e-03, 9.1131e-02, 5.3534e-02, 1.5354e-02, 1.1617e-03,
         7.1335e-04, 3.6405e-01, 1.4647e-01, 4.1968e-01, 2.9316e-02, 3.8723e-01,
         9.6290e-01, 8.1854e-03],
        [9.1690e-01, 1.3831e-02, 7.5602e-01, 6.4086e-01, 4.0781e-01, 9.1537e-01,
         6.6933e-01, 1.8613e-03, 8.9722e-02, 5.0516e-02, 1.5583e-02, 1.2940e-03,
         9.5384e-04, 3.6024e-01, 1.4709e-01, 4.4210e-01, 3.1085e-02, 3.9107e-01,
         9.6017e-01, 8.5982e-03]], grad_fn=<SliceBackward>)
2021-11-30 11:16:33,255 - INFO - Ground truth, first 2 samples: tensor([[5.4477e-01, 1.0902e-03, 7.9343e-01, 6.4439e-01, 3.7425e-01, 7.0344e-01,
         9.1541e-03, 2.9747e-02, 4.1974e-01, 3.9150e-01, 5.0218e-01, 5.5853e-04,
         5.4757e-04, 1.1236e-02, 1.1257e-02, 3.7423e-01, 2.4494e-04, 1.3312e-04,
         9.1000e-01, 4.2363e-01],
        [5.4338e-01, 1.0014e-02, 8.2060e-01, 6.4330e-01, 4.1004e-01, 7.0321e-01,
         5.7008e-03, 2.6693e-01, 3.4610e-01, 3.1965e-01, 4.7707e-01, 1.2876e-02,
         1.8469e-02, 1.0781e-01, 2.0064e-02, 4.0988e-01, 6.3940e-03, 4.9195e-03,
         9.1160e-01, 4.0222e-01]]):
2021-11-30 11:16:33,259 - CRITICAL - <<<<<<<<<<<<<<<<
2021-11-30 11:16:33,259 - CRITICAL - Model output loss: 0.0723571851849556
2021-11-30 11:16:33,259 - CRITICAL - Random guess loss: 0.1979256272315979
2021-11-30 11:16:33,259 - INFO - Model output loss PF: [1.42588183e-01 7.34455607e-05 8.14242940e-03 1.49128458e-03
 2.12699073e-04 4.53526080e-02 4.38130677e-01 2.77785212e-03
 8.19796622e-02 8.81886110e-02 2.29740977e-01 1.43847556e-03
 1.94200547e-03 1.14195041e-01 1.33463964e-02 4.75541659e-04
 4.76527261e-04 1.45260021e-01 3.07723624e-03 1.28254086e-01]
2021-11-30 11:16:33,260 - INFO - Random guess loss PF: [0.10022781 0.2484633  0.1094098  0.0956091  0.1298508  0.1437805
 0.31874821 0.26005933 0.07764081 0.13305791 0.08058714 0.30226138
 0.32360154 0.29912993 0.31341115 0.12715541 0.29057577 0.27543062
 0.25879866 0.07071346]
2021-11-30 11:16:33,260 - INFO - Attack result, first 2 samples: tensor([[9.1111e-01, 1.4105e-02, 7.3797e-01, 6.2867e-01, 3.9414e-01, 9.1575e-01,
         6.6715e-01, 1.9565e-03, 9.0627e-02, 5.0519e-02, 1.5290e-02, 1.4770e-03,
         8.7790e-04, 3.6432e-01, 1.4258e-01, 4.1318e-01, 3.0405e-02, 3.9131e-01,
         9.6174e-01, 8.5939e-03],
        [9.1521e-01, 1.3642e-02, 5.5168e-01, 6.2831e-01, 3.1772e-01, 9.2299e-01,
         6.6904e-01, 1.5662e-03, 9.2934e-02, 6.4486e-02, 1.8035e-02, 8.8080e-04,
         6.2426e-04, 3.5729e-01, 1.4829e-01, 3.4000e-01, 3.2613e-02, 3.9208e-01,
         9.6342e-01, 1.1494e-02]], grad_fn=<SliceBackward>)
2021-11-30 11:16:33,261 - INFO - Ground truth, first 2 samples: tensor([[0.5429, 0.0150, 0.7984, 0.6590, 0.3985, 0.7031, 0.0012, 0.0318, 0.2887,
         0.3021, 0.4984, 0.1137, 0.0181, 0.0033, 0.0218, 0.3983, 0.0144, 0.0111,
         0.9109, 0.3999],
        [0.5500, 0.0182, 0.5422, 0.6480, 0.3293, 0.7035, 0.0023, 0.0327, 0.3800,
         0.3578, 0.5221, 0.0554, 0.0252, 0.0132, 0.0146, 0.3285, 0.0172, 0.0137,
         0.9081, 0.4412]]):
2021-11-30 11:16:33,265 - CRITICAL - <<<<<<<<<<<<<<<<
2021-11-30 11:16:33,265 - CRITICAL - Model output loss: 0.07208723574876785
2021-11-30 11:16:33,265 - CRITICAL - Random guess loss: 0.21560236811637878
2021-11-30 11:16:33,265 - INFO - Model output loss PF: [1.40183240e-01 8.38275882e-05 1.49469990e-02 1.97111140e-03
 2.65696697e-04 4.33043577e-02 4.37223852e-01 4.16070269e-03
 7.62952268e-02 8.45727697e-02 2.27824524e-01 9.85599007e-04
 3.81148886e-04 1.15670525e-01 1.42934285e-02 4.33088630e-04
 4.41300712e-04 1.45095065e-01 2.97556072e-03 1.30636558e-01]
2021-11-30 11:16:33,265 - INFO - Random guess loss PF: [0.08779245 0.33580765 0.12850967 0.09660641 0.16258687 0.12371649
 0.33197805 0.28258812 0.10443908 0.11572836 0.08294446 0.33415535
 0.29022458 0.31777209 0.35244709 0.11996086 0.31899241 0.3687799
 0.24934813 0.10766932]
2021-11-30 11:16:33,266 - INFO - Attack result, first 2 samples: tensor([[9.1585e-01, 1.2549e-02, 5.3364e-01, 6.2970e-01, 3.2016e-01, 9.2412e-01,
         6.6275e-01, 1.5681e-03, 9.3178e-02, 6.4140e-02, 1.8138e-02, 8.0501e-04,
         5.9602e-04, 3.5779e-01, 1.5036e-01, 3.4462e-01, 3.2896e-02, 4.0143e-01,
         9.6300e-01, 1.1606e-02],
        [9.1641e-01, 1.3419e-02, 6.4925e-01, 6.2713e-01, 3.1130e-01, 9.1695e-01,
         6.6497e-01, 1.7758e-03, 9.2191e-02, 5.6291e-02, 1.5918e-02, 1.0540e-03,
         8.6226e-04, 3.6542e-01, 1.4295e-01, 3.3416e-01, 3.1178e-02, 3.8878e-01,
         9.6415e-01, 1.1002e-02]], grad_fn=<SliceBackward>)
2021-11-30 11:16:33,266 - INFO - Ground truth, first 2 samples: tensor([[0.5426, 0.0112, 0.5194, 0.6365, 0.3172, 0.7032, 0.0142, 0.0462, 0.3800,
         0.3504, 0.4316, 0.0183, 0.0142, 0.0562, 0.0444, 0.3171, 0.0061, 0.0051,
         0.9122, 0.3584],
        [0.5399, 0.0168, 0.7064, 0.6109, 0.3037, 0.7031, 0.0026, 0.0625, 0.3432,
         0.3182, 0.4863, 0.0393, 0.0201, 0.0072, 0.0189, 0.3042, 0.0139, 0.0112,
         0.9066, 0.4140]]):
2021-11-30 11:16:33,271 - CRITICAL - <<<<<<<<<<<<<<<<
2021-11-30 11:16:33,271 - CRITICAL - Model output loss: 0.0714462548494339
2021-11-30 11:16:33,271 - CRITICAL - Random guess loss: 0.2144220620393753
2021-11-30 11:16:33,271 - INFO - Model output loss PF: [1.38617247e-01 7.23593257e-05 4.56519052e-03 6.71668153e-04
 2.06431301e-04 4.63382713e-02 4.39821959e-01 2.55465112e-03
 7.16366991e-02 7.74002820e-02 2.38633230e-01 1.12839532e-03
 4.18494252e-04 1.15474172e-01 1.45416567e-02 5.06749435e-04
 4.89646394e-04 1.45130649e-01 2.79279216e-03 1.27924562e-01]
2021-11-30 11:16:33,272 - INFO - Random guess loss PF: [0.08783877 0.37006417 0.1297788  0.0821564  0.12528898 0.12683181
 0.3269555  0.29993489 0.10583052 0.123997   0.07738893 0.35409519
 0.30328736 0.33918881 0.33732831 0.08193276 0.301539   0.31720874
 0.28674006 0.11105557]
2021-11-30 11:16:33,272 - INFO - Attack result, first 2 samples: tensor([[9.1708e-01, 1.3364e-02, 5.1937e-01, 6.1971e-01, 3.4417e-01, 9.2578e-01,
         6.6660e-01, 1.6744e-03, 9.3161e-02, 6.4779e-02, 2.0236e-02, 9.0694e-04,
         7.0729e-04, 3.5814e-01, 1.4989e-01, 3.7403e-01, 3.0973e-02, 3.9046e-01,
         9.6522e-01, 1.2437e-02],
        [9.1705e-01, 1.2491e-02, 5.3963e-01, 6.0691e-01, 3.0615e-01, 9.2196e-01,
         6.6524e-01, 1.6235e-03, 9.3009e-02, 6.2581e-02, 1.7585e-02, 9.7617e-04,
         5.8610e-04, 3.5848e-01, 1.4915e-01, 3.2901e-01, 3.1313e-02, 3.9046e-01,
         9.6690e-01, 1.1211e-02]], grad_fn=<SliceBackward>)
2021-11-30 11:16:33,273 - INFO - Ground truth, first 2 samples: tensor([[0.5449, 0.0092, 0.4773, 0.6397, 0.3477, 0.7029, 0.0120, 0.0246, 0.3328,
         0.3079, 0.5003, 0.0157, 0.0114, 0.0119, 0.0466, 0.3476, 0.0059, 0.0044,
         0.9117, 0.3548],
        [0.5532, 0.0157, 0.5010, 0.6234, 0.3200, 0.7030, 0.0011, 0.0155, 0.4050,
         0.3768, 0.5388, 0.0386, 0.0231, 0.0169, 0.0156, 0.3203, 0.0136, 0.0106,
         0.9111, 0.4685]]):
2021-11-30 11:16:33,800 - CRITICAL - ------------------ SUMMARY ------------------
2021-11-30 11:16:33,800 - CRITICAL - Mean generator loss: 0.0717714324674971
2021-11-30 11:16:33,800 - CRITICAL - Mean random guess loss: 0.20831987017490824
2021-11-30 11:16:33,800 - CRITICAL - Mean generator loss Per Feature: [1.39680332e-01 9.42474428e-05 8.21768520e-03 1.07588458e-03
 2.29506605e-04 4.53752004e-02 4.36418136e-01 4.39844556e-03
 7.57784221e-02 8.21023513e-02 2.33280871e-01 1.04767195e-03
 4.18092072e-04 1.12568776e-01 1.41314409e-02 4.41840341e-04
 5.05562249e-04 1.45861690e-01 2.93944871e-03 1.30863036e-01]
2021-11-30 11:16:33,801 - CRITICAL - Mean random guess loss Per Feature: [0.08699113 0.32196608 0.14303178 0.10365911 0.11695976 0.12317664
 0.3220277  0.28839988 0.10451963 0.11172281 0.08452716 0.30484148
 0.31829027 0.30391895 0.30791361 0.11639846 0.3240322  0.32834074
 0.25076026 0.10491976]
2021-11-30 11:16:33,802 - CRITICAL - 13m 18s (- 53m 14s) (20%)
2021-11-30 11:16:33,802 - CRITICAL - 

<----------------- Running count: 3 / 10 ----------------->


2021-11-30 11:16:36,966 - CRITICAL - Dataset column permutation is: 
 tensor([35, 12, 19,  4, 14, 33, 26, 22, 20, 34, 31,  6, 45, 39, 42, 32,  5, 24,
        36, 37, 25, 43,  7, 17, 16,  0, 47, 10, 41, 11, 30, 29, 21, 44, 23, 46,
         1,  2, 18,  8, 40, 15,  3, 28, 13, 27,  9, 38])
2021-11-30 11:16:36,989 - CRITICAL - Creating dataset, len(samples): 58509; positive labels sum: 53190
2021-11-30 11:16:36,998 - CRITICAL - For dataset /home/yinbo/Desktop/comp6130/final project/final project/featureinference-vfl-master/datasets/drive_cleaned.csv, dataset length: 58509
2021-11-30 11:16:36,998 - CRITICAL - 
[FUNCTION]: Splitting dataset by getSplittedDataset()......
2021-11-30 11:16:36,998 - INFO - Display first (x, y) pair of dataset:
 tensor([6.3767e-01, 1.3157e-04, 6.2719e-02, 9.1003e-01, 2.3714e-03, 6.2594e-01,
        4.1320e-01, 6.2368e-02, 6.2769e-02, 6.3140e-01, 3.6554e-01, 8.2103e-01,
        1.1835e-01, 7.3337e-05, 4.3299e-01, 3.6990e-01, 7.7792e-01, 3.5851e-01,
        6.0996e-05, 1.5917e-02, 5.0865e-01, 4.2939e-01, 8.1753e-01, 4.7071e-03,
        9.0313e-04, 7.0346e-01, 1.1781e-01, 3.2502e-01, 5.1032e-02, 3.2505e-01,
        3.5808e-01, 5.0881e-01, 6.2360e-02, 4.0469e-01, 6.2405e-02, 1.2688e-01,
        5.4556e-01, 7.2105e-01, 6.2715e-02, 8.1294e-01, 3.9992e-03, 1.1571e-04,
        8.9780e-01, 5.2852e-01, 8.5679e-04, 3.9434e-01, 3.2505e-01, 2.0749e-02]), tensor(0.)
2021-11-30 11:16:36,999 - INFO - Shape of (x, y): torch.Size([48]) torch.Size([])
2021-11-30 11:16:37,001 - CRITICAL - len(trainset): 35105
2021-11-30 11:16:37,002 - CRITICAL - len(testset): 11701
2021-11-30 11:16:37,002 - CRITICAL - len(predictset): 11703
2021-11-30 11:16:37,004 - INFO - len(trainloader): 549
2021-11-30 11:16:37,004 - INFO - len(testloader): 183
2021-11-30 11:16:37,004 - INFO - len(predictloader): 183
2021-11-30 11:16:37,004 - CRITICAL - 
[FUNCTION]: Creating GlobalClassifierTrainer......
2021-11-30 11:16:37,004 - CRITICAL - Creating a model for type RF
2021-11-30 11:16:37,004 - CRITICAL - Creating RandomForest, with n_estimators=100, max_depth=3
2021-11-30 11:16:37,009 - INFO - Structure of Fake Random Forest: FakeRandomForest(
  (dense): Sequential(
    (0): Linear(in_features=48, out_features=2000, bias=True)
    (1): Dropout(p=0.5, inplace=False)
    (2): ReLU()
    (3): Linear(in_features=2000, out_features=200, bias=True)
    (4): Dropout(p=0.5, inplace=False)
    (5): ReLU()
    (6): Linear(in_features=200, out_features=11, bias=True)
    (7): Sigmoid()
  )
)
2021-11-30 11:16:37,009 - INFO - Structure of Global Classifier: RandomForestClassifier(max_depth=3, random_state=0)
2021-11-30 11:16:37,009 - CRITICAL - 
[FUNCTION]: Creating GeneratorTrainer......
2021-11-30 11:16:37,009 - CRITICAL - Creating a generator
2021-11-30 11:16:37,012 - INFO - Structure of Generator: Generator(
  (net): Sequential(
    (0): Linear(in_features=48, out_features=600, bias=True)
    (1): LayerNorm((600,), eps=1e-05, elementwise_affine=True)
    (2): ReLU()
    (3): Linear(in_features=600, out_features=200, bias=True)
    (4): LayerNorm((200,), eps=1e-05, elementwise_affine=True)
    (5): ReLU()
    (6): Linear(in_features=200, out_features=100, bias=True)
    (7): LayerNorm((100,), eps=1e-05, elementwise_affine=True)
    (8): ReLU()
    (9): Linear(in_features=100, out_features=20, bias=True)
    (10): Sigmoid()
  )
)
2021-11-30 11:16:37,012 - CRITICAL - 
[FUNCTION]: Training global classifier RF......
